#
# A fatal error has been detected by the Java Runtime Environment:
#
#  SIGSEGV (0xb) at pc=0x0000000100e57ef2, pid=892, tid=13827
#
# JRE version: Java(TM) SE Runtime Environment (13.0.2+8) (build 13.0.2+8)
# Java VM: Java HotSpot(TM) 64-Bit Server VM (13.0.2+8, mixed mode, sharing, tiered, compressed oops, g1 gc, bsd-amd64)
# Problematic frame:
# V  [libjvm.dylib+0x257ef2]  _ZN22ConstantPoolCacheEntry28get_interesting_method_entryEv+0x2c
#
# No core dump will be written. Core dumps have been disabled. To enable core dumping, try "ulimit -c unlimited" before starting Java again
#
# If you would like to submit a bug report, please visit:
#   http://bugreport.java.com/bugreport/crash.jsp
#

---------------  S U M M A R Y ------------

Command Line: -agentlib:jdwp=transport=dt_socket,suspend=y,address=localhost:50175 -javaagent:/Applications/Eclipse.app/Contents/Eclipse/configuration/org.eclipse.osgi/221/0/.cp/lib/javaagent-shaded.jar -Dfile.encoding=UTF-8 findManhattanDist

Host: MacBookPro14,1 x86_64 2300 MHz, 4 cores, 8G, Darwin 19.0.0
Time: Tue Feb 25 15:34:00 2020 EST elapsed time: 1136 seconds (0d 0h 18m 56s)

---------------  T H R E A D  ---------------

Current thread (0x00007f8335805000):  VMThread "VM Thread" [stack: 0x0000700007110000,0x0000700007210000] [id=13827]

Stack: [0x0000700007110000,0x0000700007210000],  sp=0x000070000720f920,  free space=1022k
Native frames: (J=compiled Java code, A=aot compiled Java code, j=interpreted, Vv=VM code, C=native code)
V  [libjvm.dylib+0x257ef2]  _ZN22ConstantPoolCacheEntry28get_interesting_method_entryEv+0x2c
V  [libjvm.dylib+0x2583f5]  _ZN17ConstantPoolCache21adjust_method_entriesEPb+0x29
V  [libjvm.dylib+0x501289]  _ZN18VM_RedefineClasses22AdjustAndCleanMetadata8do_klassEP5Klass+0x1af
V  [libjvm.dylib+0x1e8fbd]  _ZN15ClassLoaderData10classes_doEP12KlassClosure+0x1b
V  [libjvm.dylib+0x1ead45]  _ZN20ClassLoaderDataGraph10classes_doEP12KlassClosure+0x6b
V  [libjvm.dylib+0x4fbebd]  _ZN18VM_RedefineClasses4doitEv+0xa9
V  [libjvm.dylib+0x77bc39]  _ZN12VM_Operation8evaluateEv+0xd5
V  [libjvm.dylib+0x7837a3]  _ZN8VMThread18evaluate_operationEP12VM_Operation+0x123
V  [libjvm.dylib+0x7831c3]  _ZN8VMThread4loopEv+0x101
V  [libjvm.dylib+0x782fd8]  _ZN8VMThread3runEv+0x78
V  [libjvm.dylib+0x727f51]  _ZN6Thread8call_runEv+0x71
V  [libjvm.dylib+0x6206a5]  _ZL19thread_native_entryP6Thread+0x132
C  [libsystem_pthread.dylib+0x5d36]  _pthread_start+0x7d
C  [libsystem_pthread.dylib+0x258f]  thread_start+0xf


siginfo: si_signo: 11 (SIGSEGV), si_code: 1 (SEGV_MAPERR), si_addr: 0x000000002d000000

Register to memory mapping:

RAX=0x000000002d000000 is an unknown value
RBX=0x000000010541a0d8 is pointing into metadata
RCX=0x0000000000000001 is an unknown value
RDX=0x0000000000000002 is an unknown value
RSP=0x000070000720f920 points into unknown readable memory: f0 9d 41 05 01 00 00 00
RBP=0x000070000720f930 points into unknown readable memory: 70 f9 20 07 00 70 00 00
RSI=0x000070000720fa4f points into unknown readable memory: 00
RDI=0x000000002d000000 is an unknown value
R8 =0x0000000105419df0 is pointing into metadata
R9 =0x00007f8333f03fd0 points into unknown readable memory: f0 9d 41 05 01 00 00 00
R10=0x00007f8333e099c8 points into unknown readable memory: 00 00 00 00 00 00 00 00
R11=0x0000000101404201: _ZL18hsdis_library_name+0x30993 in /Library/Java/JavaVirtualMachines/jdk-13.0.2.jdk/Contents/Home/lib/server/libjvm.dylib at 0x0000000100c00000
R12=0x0000000800b4ad40 is a pointer to class: 
findManhattanDist {0x0000000800b4ad40}
R13=0x0 is NULL
R14=0x000070000720fa4f points into unknown readable memory: 00
R15=0x000000010541a0b0 is pointing into metadata


Registers:
RAX=0x000000002d000000, RBX=0x000000010541a0d8, RCX=0x0000000000000001, RDX=0x0000000000000002
RSP=0x000070000720f920, RBP=0x000070000720f930, RSI=0x000070000720fa4f, RDI=0x000000002d000000
R8 =0x0000000105419df0, R9 =0x00007f8333f03fd0, R10=0x00007f8333e099c8, R11=0x0000000101404201
R12=0x0000000800b4ad40, R13=0x0000000000000000, R14=0x000070000720fa4f, R15=0x000000010541a0b0
RIP=0x0000000100e57ef2, EFLAGS=0x0000000000010206, ERR=0x0000000000000004
  TRAPNO=0x000000000000000e

Top of Stack: (sp=0x000070000720f920)
0x000070000720f920:   0000000105419df0 000000010541a0d8
0x000070000720f930:   000070000720f970 0000000100e583f5
0x000070000720f940:   0000000105419df0 0000000105419f50
0x000070000720f950:   0000000800b4ad40 0000000000000000
0x000070000720f960:   000070000720fa20 000070000720fa38
0x000070000720f970:   000070000720fa70 0000000101101289
0x000070000720f980:   0000000800b4ad40 0000000000000000
0x000070000720f990:   0000000100000000 00007f8335805000
0x000070000720f9a0:   00007f8333f03e80 00007f8333f03ec0
0x000070000720f9b0:   00007f8333f03f00 00007f8333f03fa8
0x000070000720f9c0:   00000000000000d8 000070000720faa8
0x000070000720f9d0:   000000000720f9e0 00007f8333f03e50
0x000070000720f9e0:   0000000800b4ad40 00000005000001d8
0x000070000720f9f0:   00007f8333f03e50 00007f8333e0ce30
0x000070000720fa00:   00007f8333e0ced0 00007f8333e0d218
0x000070000720fa10:   00000000000003d8 0000000105419df0
0x000070000720fa20:   0000000105419df0 00007f8335805000
0x000070000720fa30:   000070000720fa60 0000000105419df0
0x000070000720fa40:   00007f8335805000 00007f8333c4dc70
0x000070000720fa50:   0000000800b4ad40 0000000000000018
0x000070000720fa60:   000070000720fb68 000070000720faa0
0x000070000720fa70:   000070000720fa90 0000000100de8fbd
0x000070000720fa80:   000070000720fb68 000070000720faa8
0x000070000720fa90:   000070000720fb20 0000000100dead45
0x000070000720faa0:   00007f8333e21550 00007f8335805000
0x000070000720fab0:   00007f8333f03e80 00007f8333f03ec0
0x000070000720fac0:   00007f8333f03ed0 00007f8333f03fa8
0x000070000720fad0:   00000000000000d8 000070000720fb30
0x000070000720fae0:   00007f8333f03ef8 00007f8335805000
0x000070000720faf0:   00000001015a8c85 0000700007b2da78
0x000070000720fb00:   000070000720fb20 0000000000000001
0x000070000720fb10:   00007f8335805000 0000700007b2da78 

Instructions: (pc=0x0000000100e57ef2)
0x0000000100e57df2:   03 62 00 48 8b 00 48 3b 45 f8 75 09 48 81 c4 d0
0x0000000100e57e02:   00 00 00 5d c3 e8 e6 d2 54 00 55 48 89 e5 41 57
0x0000000100e57e12:   41 56 41 54 53 49 89 ce 49 89 d7 49 89 f4 48 89
0x0000000100e57e22:   fb 48 8b 43 18 a9 00 00 10 00 75 24 48 8b 7b 08
0x0000000100e57e32:   48 8b 07 ff 50 10 84 c0 74 2c 48 8b 43 08 4c 39
0x0000000100e57e42:   e0 75 2c 4c 89 7b 08 48 8d 3d 9d 67 57 00 eb 33
0x0000000100e57e52:   48 8b 43 10 4c 39 e0 75 16 4c 89 7b 10 48 8d 3d
0x0000000100e57e62:   76 67 57 00 eb 1d 48 8b 43 10 4c 39 e0 74 09 5b
0x0000000100e57e72:   41 5c 41 5e 41 5f 5d c3 4c 89 7b 10 48 8d 3d 5e
0x0000000100e57e82:   67 57 00 4c 89 e6 4c 89 fa 4c 89 f1 5b 41 5c 41
0x0000000100e57e92:   5e 41 5f 5d e9 e4 fd ff ff 90 55 48 89 e5 e8 21
0x0000000100e57ea2:   00 00 00 48 85 c0 74 13 8b 40 20 0f ba e0 10 72
0x0000000100e57eb2:   0e a9 00 00 02 00 0f 94 c0 eb 06 b0 01 eb 02 31
0x0000000100e57ec2:   c0 5d c3 90 55 48 89 e5 53 50 48 89 fb 48 8b 43
0x0000000100e57ed2:   18 0f ba e0 1a 72 48 48 8b 43 18 a9 00 00 10 00
0x0000000100e57ee2:   75 1e 48 8b 43 08 48 83 f8 00 74 33 48 8b 7b 08
0x0000000100e57ef2:   48 8b 07 ff 50 10 84 c0 74 06 48 8b 5b 08 eb 04
0x0000000100e57f02:   48 8b 5b 10 48 85 db 74 16 48 8b 03 48 89 df ff
0x0000000100e57f12:   50 10 31 c9 84 c0 48 0f 45 cb 48 89 c8 eb 02 31
0x0000000100e57f22:   c0 48 83 c4 08 5b 5d c3 55 48 89 e5 41 57 41 56
0x0000000100e57f32:   53 50 41 89 d7 49 89 f6 48 89 fb 45 85 ff 75 11
0x0000000100e57f42:   48 8d 35 bf 66 57 00 31 c0 4c 89 f7 e8 47 11 3d
0x0000000100e57f52:   00 48 8d 35 cd 66 57 00 31 c0 4c 89 f7 44 89 fa
0x0000000100e57f62:   48 89 d9 e8 94 10 3d 00 48 8b 13 c1 ea 18 48 8b
0x0000000100e57f72:   03 c1 e8 10 0f b6 c8 48 8b 03 44 0f b7 c0 48 8d
0x0000000100e57f82:   35 b2 66 57 00 31 c0 4c 89 f7 e8 09 11 3d 00 48
0x0000000100e57f92:   8b 53 08 4c 8d 3d ad 66 57 00 31 c0 4c 89 f7 4c
0x0000000100e57fa2:   89 fe e8 f1 10 3d 00 48 8b 53 10 31 c0 4c 89 f7
0x0000000100e57fb2:   4c 89 fe e8 e0 10 3d 00 48 8b 53 18 31 c0 4c 89
0x0000000100e57fc2:   f7 4c 89 fe e8 cf 10 3d 00 48 8d 35 36 66 57 00
0x0000000100e57fd2:   31 c0 4c 89 f7 48 83 c4 08 5b 41 5e 41 5f 5d e9
0x0000000100e57fe2:   b4 10 3d 00 55 48 89 e5 5d c3 55 48 89 e5 41 57 


Stack slot to memory mapping:
stack at sp + 0 slots: 0x0000000105419df0 is pointing into metadata
stack at sp + 1 slots: 0x000000010541a0d8 is pointing into metadata
stack at sp + 2 slots: 0x000070000720f970 points into unknown readable memory: 70 fa 20 07 00 70 00 00
stack at sp + 3 slots: 0x0000000100e583f5: _ZN17ConstantPoolCache21adjust_method_entriesEPb+0x29 in /Library/Java/JavaVirtualMachines/jdk-13.0.2.jdk/Contents/Home/lib/server/libjvm.dylib at 0x0000000100c00000
stack at sp + 4 slots: 0x0000000105419df0 is pointing into metadata
stack at sp + 5 slots: 0x0000000105419f50 is pointing into metadata
stack at sp + 6 slots: 0x0000000800b4ad40 is a pointer to class: 
findManhattanDist {0x0000000800b4ad40}
stack at sp + 7 slots: 0x0 is NULL

VM_Operation (0x0000700007b2da78): RedefineClasses, mode: safepoint, requested by thread 0x00007f8335807800, redefining class findManhattanDist



---------------  P R O C E S S  ---------------

Threads class SMR info:
_java_thread_list=0x00007f8333e450e0, length=12, elements={
0x00007f8334800800, 0x00007f833408a800, 0x00007f833408b800, 0x00007f8334819800,
0x00007f833481c800, 0x00007f8334095000, 0x00007f8334098000, 0x00007f833502c000,
0x00007f8335807800, 0x00007f833481b800, 0x00007f833483d800, 0x00007f83340ce800
}

Java Threads: ( => current thread )
  0x00007f8334800800 JavaThread "main" [_thread_blocked, id=9731, stack(0x0000700006afe000,0x0000700006bfe000)]
  0x00007f833408a800 JavaThread "Reference Handler" daemon [_thread_blocked, id=18179, stack(0x0000700007213000,0x0000700007313000)]
  0x00007f833408b800 JavaThread "Finalizer" daemon [_thread_blocked, id=17667, stack(0x0000700007316000,0x0000700007416000)]
  0x00007f8334819800 JavaThread "Signal Dispatcher" daemon [_thread_blocked, id=21763, stack(0x000070000751f000,0x000070000761f000)]
  0x00007f833481c800 JavaThread "C2 CompilerThread0" daemon [_thread_blocked, id=43267, stack(0x0000700007622000,0x0000700007722000)]
  0x00007f8334095000 JavaThread "C1 CompilerThread0" daemon [_thread_blocked, id=23043, stack(0x0000700007725000,0x0000700007825000)]
  0x00007f8334098000 JavaThread "Sweeper thread" daemon [_thread_blocked, id=23299, stack(0x0000700007828000,0x0000700007928000)]
  0x00007f833502c000 JavaThread "Common-Cleaner" daemon [_thread_blocked, id=42499, stack(0x000070000792b000,0x0000700007a2b000)]
  0x00007f8335807800 JavaThread "JDWP Transport Listener: dt_socket" daemon [_thread_blocked, id=41987, stack(0x0000700007a2e000,0x0000700007b2e000)]
  0x00007f833481b800 JavaThread "JDWP Event Helper Thread" daemon [_thread_blocked, id=41475, stack(0x0000700007b31000,0x0000700007c31000)]
  0x00007f833483d800 JavaThread "JDWP Command Reader" daemon [_thread_in_native, id=40963, stack(0x0000700007c34000,0x0000700007d34000)]
  0x00007f83340ce800 JavaThread "Service Thread" daemon [_thread_blocked, id=40451, stack(0x0000700007d37000,0x0000700007e37000)]

Other Threads:
=>0x00007f8335805000 VMThread "VM Thread" [stack: 0x0000700007110000,0x0000700007210000] [id=13827]
  0x00007f833483f800 WatcherThread [stack: 0x0000700007e3a000,0x0000700007f3a000] [id=40195]
  0x00007f8334027800 GCTaskThread "GC Thread#0" [stack: 0x0000700006c01000,0x0000700006d01000] [id=11523]
  0x00007f8334038800 ConcurrentGCThread "G1 Main Marker" [stack: 0x0000700006d04000,0x0000700006e04000] [id=20483]
  0x00007f8334039000 ConcurrentGCThread "G1 Conc#0" [stack: 0x0000700006e07000,0x0000700006f07000] [id=20227]
  0x00007f833408a000 ConcurrentGCThread "G1 Refine#0" [stack: 0x0000700006f0a000,0x000070000700a000] [id=12803]
  0x00007f833480a000 ConcurrentGCThread "G1 Young RemSet Sampling" [stack: 0x000070000700d000,0x000070000710d000] [id=19971]

Threads with active compile tasks:

VM state:at safepoint (normal execution)

VM Mutex/Monitor currently owned by a thread:  ([mutex/lock_event])
[0x00007f8333e09130] Threads_lock - owner thread: 0x00007f8335805000

Heap address: 0x0000000780000000, size: 2048 MB, Compressed Oops mode: Zero based, Oop shift amount: 3
Narrow klass base: 0x0000000800000000, Narrow klass shift: 3
Compressed class space size: 1073741824 Address: 0x0000000800ae0000

Heap:
 garbage-first heap   total 133120K, used 3832K [0x0000000780000000, 0x0000000800000000)
  region size 1024K, 4 young (4096K), 0 survivors (0K)
 Metaspace       used 2740K, capacity 4910K, committed 5120K, reserved 1056768K
  class space    used 266K, capacity 443K, committed 512K, reserved 1048576K
Heap Regions: E=young(eden), S=young(survivor), O=old, HS=humongous(starts), HC=humongous(continues), CS=collection set, F=free, A=archive, TAMS=top-at-mark-start (previous, next)
|   0|0x0000000780000000, 0x0000000780000000, 0x0000000780100000|  0%| F|  |TAMS 0x0000000780000000, 0x0000000780000000| Untracked 
|   1|0x0000000780100000, 0x0000000780100000, 0x0000000780200000|  0%| F|  |TAMS 0x0000000780100000, 0x0000000780100000| Untracked 
|   2|0x0000000780200000, 0x0000000780200000, 0x0000000780300000|  0%| F|  |TAMS 0x0000000780200000, 0x0000000780200000| Untracked 
|   3|0x0000000780300000, 0x0000000780300000, 0x0000000780400000|  0%| F|  |TAMS 0x0000000780300000, 0x0000000780300000| Untracked 
|   4|0x0000000780400000, 0x0000000780400000, 0x0000000780500000|  0%| F|  |TAMS 0x0000000780400000, 0x0000000780400000| Untracked 
|   5|0x0000000780500000, 0x0000000780500000, 0x0000000780600000|  0%| F|  |TAMS 0x0000000780500000, 0x0000000780500000| Untracked 
|   6|0x0000000780600000, 0x0000000780600000, 0x0000000780700000|  0%| F|  |TAMS 0x0000000780600000, 0x0000000780600000| Untracked 
|   7|0x0000000780700000, 0x0000000780700000, 0x0000000780800000|  0%| F|  |TAMS 0x0000000780700000, 0x0000000780700000| Untracked 
|   8|0x0000000780800000, 0x0000000780800000, 0x0000000780900000|  0%| F|  |TAMS 0x0000000780800000, 0x0000000780800000| Untracked 
|   9|0x0000000780900000, 0x0000000780900000, 0x0000000780a00000|  0%| F|  |TAMS 0x0000000780900000, 0x0000000780900000| Untracked 
|  10|0x0000000780a00000, 0x0000000780a00000, 0x0000000780b00000|  0%| F|  |TAMS 0x0000000780a00000, 0x0000000780a00000| Untracked 
|  11|0x0000000780b00000, 0x0000000780b00000, 0x0000000780c00000|  0%| F|  |TAMS 0x0000000780b00000, 0x0000000780b00000| Untracked 
|  12|0x0000000780c00000, 0x0000000780c00000, 0x0000000780d00000|  0%| F|  |TAMS 0x0000000780c00000, 0x0000000780c00000| Untracked 
|  13|0x0000000780d00000, 0x0000000780d00000, 0x0000000780e00000|  0%| F|  |TAMS 0x0000000780d00000, 0x0000000780d00000| Untracked 
|  14|0x0000000780e00000, 0x0000000780e00000, 0x0000000780f00000|  0%| F|  |TAMS 0x0000000780e00000, 0x0000000780e00000| Untracked 
|  15|0x0000000780f00000, 0x0000000780f00000, 0x0000000781000000|  0%| F|  |TAMS 0x0000000780f00000, 0x0000000780f00000| Untracked 
|  16|0x0000000781000000, 0x0000000781000000, 0x0000000781100000|  0%| F|  |TAMS 0x0000000781000000, 0x0000000781000000| Untracked 
|  17|0x0000000781100000, 0x0000000781100000, 0x0000000781200000|  0%| F|  |TAMS 0x0000000781100000, 0x0000000781100000| Untracked 
|  18|0x0000000781200000, 0x0000000781200000, 0x0000000781300000|  0%| F|  |TAMS 0x0000000781200000, 0x0000000781200000| Untracked 
|  19|0x0000000781300000, 0x0000000781300000, 0x0000000781400000|  0%| F|  |TAMS 0x0000000781300000, 0x0000000781300000| Untracked 
|  20|0x0000000781400000, 0x0000000781400000, 0x0000000781500000|  0%| F|  |TAMS 0x0000000781400000, 0x0000000781400000| Untracked 
|  21|0x0000000781500000, 0x0000000781500000, 0x0000000781600000|  0%| F|  |TAMS 0x0000000781500000, 0x0000000781500000| Untracked 
|  22|0x0000000781600000, 0x0000000781600000, 0x0000000781700000|  0%| F|  |TAMS 0x0000000781600000, 0x0000000781600000| Untracked 
|  23|0x0000000781700000, 0x0000000781700000, 0x0000000781800000|  0%| F|  |TAMS 0x0000000781700000, 0x0000000781700000| Untracked 
|  24|0x0000000781800000, 0x0000000781800000, 0x0000000781900000|  0%| F|  |TAMS 0x0000000781800000, 0x0000000781800000| Untracked 
|  25|0x0000000781900000, 0x0000000781900000, 0x0000000781a00000|  0%| F|  |TAMS 0x0000000781900000, 0x0000000781900000| Untracked 
|  26|0x0000000781a00000, 0x0000000781a00000, 0x0000000781b00000|  0%| F|  |TAMS 0x0000000781a00000, 0x0000000781a00000| Untracked 
|  27|0x0000000781b00000, 0x0000000781b00000, 0x0000000781c00000|  0%| F|  |TAMS 0x0000000781b00000, 0x0000000781b00000| Untracked 
|  28|0x0000000781c00000, 0x0000000781c00000, 0x0000000781d00000|  0%| F|  |TAMS 0x0000000781c00000, 0x0000000781c00000| Untracked 
|  29|0x0000000781d00000, 0x0000000781d00000, 0x0000000781e00000|  0%| F|  |TAMS 0x0000000781d00000, 0x0000000781d00000| Untracked 
|  30|0x0000000781e00000, 0x0000000781e00000, 0x0000000781f00000|  0%| F|  |TAMS 0x0000000781e00000, 0x0000000781e00000| Untracked 
|  31|0x0000000781f00000, 0x0000000781f00000, 0x0000000782000000|  0%| F|  |TAMS 0x0000000781f00000, 0x0000000781f00000| Untracked 
|  32|0x0000000782000000, 0x0000000782000000, 0x0000000782100000|  0%| F|  |TAMS 0x0000000782000000, 0x0000000782000000| Untracked 
|  33|0x0000000782100000, 0x0000000782100000, 0x0000000782200000|  0%| F|  |TAMS 0x0000000782100000, 0x0000000782100000| Untracked 
|  34|0x0000000782200000, 0x0000000782200000, 0x0000000782300000|  0%| F|  |TAMS 0x0000000782200000, 0x0000000782200000| Untracked 
|  35|0x0000000782300000, 0x0000000782300000, 0x0000000782400000|  0%| F|  |TAMS 0x0000000782300000, 0x0000000782300000| Untracked 
|  36|0x0000000782400000, 0x0000000782400000, 0x0000000782500000|  0%| F|  |TAMS 0x0000000782400000, 0x0000000782400000| Untracked 
|  37|0x0000000782500000, 0x0000000782500000, 0x0000000782600000|  0%| F|  |TAMS 0x0000000782500000, 0x0000000782500000| Untracked 
|  38|0x0000000782600000, 0x0000000782600000, 0x0000000782700000|  0%| F|  |TAMS 0x0000000782600000, 0x0000000782600000| Untracked 
|  39|0x0000000782700000, 0x0000000782700000, 0x0000000782800000|  0%| F|  |TAMS 0x0000000782700000, 0x0000000782700000| Untracked 
|  40|0x0000000782800000, 0x0000000782800000, 0x0000000782900000|  0%| F|  |TAMS 0x0000000782800000, 0x0000000782800000| Untracked 
|  41|0x0000000782900000, 0x0000000782900000, 0x0000000782a00000|  0%| F|  |TAMS 0x0000000782900000, 0x0000000782900000| Untracked 
|  42|0x0000000782a00000, 0x0000000782a00000, 0x0000000782b00000|  0%| F|  |TAMS 0x0000000782a00000, 0x0000000782a00000| Untracked 
|  43|0x0000000782b00000, 0x0000000782b00000, 0x0000000782c00000|  0%| F|  |TAMS 0x0000000782b00000, 0x0000000782b00000| Untracked 
|  44|0x0000000782c00000, 0x0000000782c00000, 0x0000000782d00000|  0%| F|  |TAMS 0x0000000782c00000, 0x0000000782c00000| Untracked 
|  45|0x0000000782d00000, 0x0000000782d00000, 0x0000000782e00000|  0%| F|  |TAMS 0x0000000782d00000, 0x0000000782d00000| Untracked 
|  46|0x0000000782e00000, 0x0000000782e00000, 0x0000000782f00000|  0%| F|  |TAMS 0x0000000782e00000, 0x0000000782e00000| Untracked 
|  47|0x0000000782f00000, 0x0000000782f00000, 0x0000000783000000|  0%| F|  |TAMS 0x0000000782f00000, 0x0000000782f00000| Untracked 
|  48|0x0000000783000000, 0x0000000783000000, 0x0000000783100000|  0%| F|  |TAMS 0x0000000783000000, 0x0000000783000000| Untracked 
|  49|0x0000000783100000, 0x0000000783100000, 0x0000000783200000|  0%| F|  |TAMS 0x0000000783100000, 0x0000000783100000| Untracked 
|  50|0x0000000783200000, 0x0000000783200000, 0x0000000783300000|  0%| F|  |TAMS 0x0000000783200000, 0x0000000783200000| Untracked 
|  51|0x0000000783300000, 0x0000000783300000, 0x0000000783400000|  0%| F|  |TAMS 0x0000000783300000, 0x0000000783300000| Untracked 
|  52|0x0000000783400000, 0x0000000783400000, 0x0000000783500000|  0%| F|  |TAMS 0x0000000783400000, 0x0000000783400000| Untracked 
|  53|0x0000000783500000, 0x0000000783500000, 0x0000000783600000|  0%| F|  |TAMS 0x0000000783500000, 0x0000000783500000| Untracked 
|  54|0x0000000783600000, 0x0000000783600000, 0x0000000783700000|  0%| F|  |TAMS 0x0000000783600000, 0x0000000783600000| Untracked 
|  55|0x0000000783700000, 0x0000000783700000, 0x0000000783800000|  0%| F|  |TAMS 0x0000000783700000, 0x0000000783700000| Untracked 
|  56|0x0000000783800000, 0x0000000783800000, 0x0000000783900000|  0%| F|  |TAMS 0x0000000783800000, 0x0000000783800000| Untracked 
|  57|0x0000000783900000, 0x0000000783900000, 0x0000000783a00000|  0%| F|  |TAMS 0x0000000783900000, 0x0000000783900000| Untracked 
|  58|0x0000000783a00000, 0x0000000783a00000, 0x0000000783b00000|  0%| F|  |TAMS 0x0000000783a00000, 0x0000000783a00000| Untracked 
|  59|0x0000000783b00000, 0x0000000783b00000, 0x0000000783c00000|  0%| F|  |TAMS 0x0000000783b00000, 0x0000000783b00000| Untracked 
|  60|0x0000000783c00000, 0x0000000783c00000, 0x0000000783d00000|  0%| F|  |TAMS 0x0000000783c00000, 0x0000000783c00000| Untracked 
|  61|0x0000000783d00000, 0x0000000783d00000, 0x0000000783e00000|  0%| F|  |TAMS 0x0000000783d00000, 0x0000000783d00000| Untracked 
|  62|0x0000000783e00000, 0x0000000783e00000, 0x0000000783f00000|  0%| F|  |TAMS 0x0000000783e00000, 0x0000000783e00000| Untracked 
|  63|0x0000000783f00000, 0x0000000783f00000, 0x0000000784000000|  0%| F|  |TAMS 0x0000000783f00000, 0x0000000783f00000| Untracked 
|  64|0x0000000784000000, 0x0000000784000000, 0x0000000784100000|  0%| F|  |TAMS 0x0000000784000000, 0x0000000784000000| Untracked 
|  65|0x0000000784100000, 0x0000000784100000, 0x0000000784200000|  0%| F|  |TAMS 0x0000000784100000, 0x0000000784100000| Untracked 
|  66|0x0000000784200000, 0x0000000784200000, 0x0000000784300000|  0%| F|  |TAMS 0x0000000784200000, 0x0000000784200000| Untracked 
|  67|0x0000000784300000, 0x0000000784300000, 0x0000000784400000|  0%| F|  |TAMS 0x0000000784300000, 0x0000000784300000| Untracked 
|  68|0x0000000784400000, 0x0000000784400000, 0x0000000784500000|  0%| F|  |TAMS 0x0000000784400000, 0x0000000784400000| Untracked 
|  69|0x0000000784500000, 0x0000000784500000, 0x0000000784600000|  0%| F|  |TAMS 0x0000000784500000, 0x0000000784500000| Untracked 
|  70|0x0000000784600000, 0x0000000784600000, 0x0000000784700000|  0%| F|  |TAMS 0x0000000784600000, 0x0000000784600000| Untracked 
|  71|0x0000000784700000, 0x0000000784700000, 0x0000000784800000|  0%| F|  |TAMS 0x0000000784700000, 0x0000000784700000| Untracked 
|  72|0x0000000784800000, 0x0000000784800000, 0x0000000784900000|  0%| F|  |TAMS 0x0000000784800000, 0x0000000784800000| Untracked 
|  73|0x0000000784900000, 0x0000000784900000, 0x0000000784a00000|  0%| F|  |TAMS 0x0000000784900000, 0x0000000784900000| Untracked 
|  74|0x0000000784a00000, 0x0000000784a00000, 0x0000000784b00000|  0%| F|  |TAMS 0x0000000784a00000, 0x0000000784a00000| Untracked 
|  75|0x0000000784b00000, 0x0000000784b00000, 0x0000000784c00000|  0%| F|  |TAMS 0x0000000784b00000, 0x0000000784b00000| Untracked 
|  76|0x0000000784c00000, 0x0000000784c00000, 0x0000000784d00000|  0%| F|  |TAMS 0x0000000784c00000, 0x0000000784c00000| Untracked 
|  77|0x0000000784d00000, 0x0000000784d00000, 0x0000000784e00000|  0%| F|  |TAMS 0x0000000784d00000, 0x0000000784d00000| Untracked 
|  78|0x0000000784e00000, 0x0000000784e00000, 0x0000000784f00000|  0%| F|  |TAMS 0x0000000784e00000, 0x0000000784e00000| Untracked 
|  79|0x0000000784f00000, 0x0000000784f00000, 0x0000000785000000|  0%| F|  |TAMS 0x0000000784f00000, 0x0000000784f00000| Untracked 
|  80|0x0000000785000000, 0x0000000785000000, 0x0000000785100000|  0%| F|  |TAMS 0x0000000785000000, 0x0000000785000000| Untracked 
|  81|0x0000000785100000, 0x0000000785100000, 0x0000000785200000|  0%| F|  |TAMS 0x0000000785100000, 0x0000000785100000| Untracked 
|  82|0x0000000785200000, 0x0000000785200000, 0x0000000785300000|  0%| F|  |TAMS 0x0000000785200000, 0x0000000785200000| Untracked 
|  83|0x0000000785300000, 0x0000000785300000, 0x0000000785400000|  0%| F|  |TAMS 0x0000000785300000, 0x0000000785300000| Untracked 
|  84|0x0000000785400000, 0x0000000785400000, 0x0000000785500000|  0%| F|  |TAMS 0x0000000785400000, 0x0000000785400000| Untracked 
|  85|0x0000000785500000, 0x0000000785500000, 0x0000000785600000|  0%| F|  |TAMS 0x0000000785500000, 0x0000000785500000| Untracked 
|  86|0x0000000785600000, 0x0000000785600000, 0x0000000785700000|  0%| F|  |TAMS 0x0000000785600000, 0x0000000785600000| Untracked 
|  87|0x0000000785700000, 0x0000000785700000, 0x0000000785800000|  0%| F|  |TAMS 0x0000000785700000, 0x0000000785700000| Untracked 
|  88|0x0000000785800000, 0x0000000785800000, 0x0000000785900000|  0%| F|  |TAMS 0x0000000785800000, 0x0000000785800000| Untracked 
|  89|0x0000000785900000, 0x0000000785900000, 0x0000000785a00000|  0%| F|  |TAMS 0x0000000785900000, 0x0000000785900000| Untracked 
|  90|0x0000000785a00000, 0x0000000785a00000, 0x0000000785b00000|  0%| F|  |TAMS 0x0000000785a00000, 0x0000000785a00000| Untracked 
|  91|0x0000000785b00000, 0x0000000785b00000, 0x0000000785c00000|  0%| F|  |TAMS 0x0000000785b00000, 0x0000000785b00000| Untracked 
|  92|0x0000000785c00000, 0x0000000785c00000, 0x0000000785d00000|  0%| F|  |TAMS 0x0000000785c00000, 0x0000000785c00000| Untracked 
|  93|0x0000000785d00000, 0x0000000785d00000, 0x0000000785e00000|  0%| F|  |TAMS 0x0000000785d00000, 0x0000000785d00000| Untracked 
|  94|0x0000000785e00000, 0x0000000785e00000, 0x0000000785f00000|  0%| F|  |TAMS 0x0000000785e00000, 0x0000000785e00000| Untracked 
|  95|0x0000000785f00000, 0x0000000785f00000, 0x0000000786000000|  0%| F|  |TAMS 0x0000000785f00000, 0x0000000785f00000| Untracked 
|  96|0x0000000786000000, 0x0000000786000000, 0x0000000786100000|  0%| F|  |TAMS 0x0000000786000000, 0x0000000786000000| Untracked 
|  97|0x0000000786100000, 0x0000000786100000, 0x0000000786200000|  0%| F|  |TAMS 0x0000000786100000, 0x0000000786100000| Untracked 
|  98|0x0000000786200000, 0x0000000786200000, 0x0000000786300000|  0%| F|  |TAMS 0x0000000786200000, 0x0000000786200000| Untracked 
|  99|0x0000000786300000, 0x0000000786300000, 0x0000000786400000|  0%| F|  |TAMS 0x0000000786300000, 0x0000000786300000| Untracked 
| 100|0x0000000786400000, 0x0000000786400000, 0x0000000786500000|  0%| F|  |TAMS 0x0000000786400000, 0x0000000786400000| Untracked 
| 101|0x0000000786500000, 0x0000000786500000, 0x0000000786600000|  0%| F|  |TAMS 0x0000000786500000, 0x0000000786500000| Untracked 
| 102|0x0000000786600000, 0x0000000786600000, 0x0000000786700000|  0%| F|  |TAMS 0x0000000786600000, 0x0000000786600000| Untracked 
| 103|0x0000000786700000, 0x0000000786700000, 0x0000000786800000|  0%| F|  |TAMS 0x0000000786700000, 0x0000000786700000| Untracked 
| 104|0x0000000786800000, 0x0000000786800000, 0x0000000786900000|  0%| F|  |TAMS 0x0000000786800000, 0x0000000786800000| Untracked 
| 105|0x0000000786900000, 0x0000000786900000, 0x0000000786a00000|  0%| F|  |TAMS 0x0000000786900000, 0x0000000786900000| Untracked 
| 106|0x0000000786a00000, 0x0000000786a00000, 0x0000000786b00000|  0%| F|  |TAMS 0x0000000786a00000, 0x0000000786a00000| Untracked 
| 107|0x0000000786b00000, 0x0000000786b00000, 0x0000000786c00000|  0%| F|  |TAMS 0x0000000786b00000, 0x0000000786b00000| Untracked 
| 108|0x0000000786c00000, 0x0000000786c00000, 0x0000000786d00000|  0%| F|  |TAMS 0x0000000786c00000, 0x0000000786c00000| Untracked 
| 109|0x0000000786d00000, 0x0000000786d00000, 0x0000000786e00000|  0%| F|  |TAMS 0x0000000786d00000, 0x0000000786d00000| Untracked 
| 110|0x0000000786e00000, 0x0000000786e00000, 0x0000000786f00000|  0%| F|  |TAMS 0x0000000786e00000, 0x0000000786e00000| Untracked 
| 111|0x0000000786f00000, 0x0000000786f00000, 0x0000000787000000|  0%| F|  |TAMS 0x0000000786f00000, 0x0000000786f00000| Untracked 
| 112|0x0000000787000000, 0x0000000787000000, 0x0000000787100000|  0%| F|  |TAMS 0x0000000787000000, 0x0000000787000000| Untracked 
| 113|0x0000000787100000, 0x0000000787100000, 0x0000000787200000|  0%| F|  |TAMS 0x0000000787100000, 0x0000000787100000| Untracked 
| 114|0x0000000787200000, 0x0000000787200000, 0x0000000787300000|  0%| F|  |TAMS 0x0000000787200000, 0x0000000787200000| Untracked 
| 115|0x0000000787300000, 0x0000000787300000, 0x0000000787400000|  0%| F|  |TAMS 0x0000000787300000, 0x0000000787300000| Untracked 
| 116|0x0000000787400000, 0x0000000787400000, 0x0000000787500000|  0%| F|  |TAMS 0x0000000787400000, 0x0000000787400000| Untracked 
| 117|0x0000000787500000, 0x0000000787500000, 0x0000000787600000|  0%| F|  |TAMS 0x0000000787500000, 0x0000000787500000| Untracked 
| 118|0x0000000787600000, 0x0000000787600000, 0x0000000787700000|  0%| F|  |TAMS 0x0000000787600000, 0x0000000787600000| Untracked 
| 119|0x0000000787700000, 0x0000000787700000, 0x0000000787800000|  0%| F|  |TAMS 0x0000000787700000, 0x0000000787700000| Untracked 
| 120|0x0000000787800000, 0x0000000787800000, 0x0000000787900000|  0%| F|  |TAMS 0x0000000787800000, 0x0000000787800000| Untracked 
| 121|0x0000000787900000, 0x0000000787900000, 0x0000000787a00000|  0%| F|  |TAMS 0x0000000787900000, 0x0000000787900000| Untracked 
| 122|0x0000000787a00000, 0x0000000787a00000, 0x0000000787b00000|  0%| F|  |TAMS 0x0000000787a00000, 0x0000000787a00000| Untracked 
| 123|0x0000000787b00000, 0x0000000787b00000, 0x0000000787c00000|  0%| F|  |TAMS 0x0000000787b00000, 0x0000000787b00000| Untracked 
| 124|0x0000000787c00000, 0x0000000787d00000, 0x0000000787d00000|100%| E|  |TAMS 0x0000000787c00000, 0x0000000787c00000| Complete 
| 125|0x0000000787d00000, 0x0000000787e00000, 0x0000000787e00000|100%| E|CS|TAMS 0x0000000787d00000, 0x0000000787d00000| Complete 
| 126|0x0000000787e00000, 0x0000000787f00000, 0x0000000787f00000|100%| E|CS|TAMS 0x0000000787e00000, 0x0000000787e00000| Complete 
| 127|0x0000000787f00000, 0x0000000788000000, 0x0000000788000000|100%| E|CS|TAMS 0x0000000787f00000, 0x0000000787f00000| Complete 
|1022|0x00000007bfe00000, 0x00000007bfe47000, 0x00000007bff00000| 27%|OA|  |TAMS 0x00000007bfe00000, 0x00000007bfe00000| Untracked 
|1023|0x00000007bff00000, 0x00000007bff77000, 0x00000007c0000000| 46%|CA|  |TAMS 0x00000007bff00000, 0x00000007bff00000| Untracked 

Card table byte_map: [0x00000001023ab000,0x00000001027ab000] _byte_map_base: 0x00000000fe7ab000

Marking Bits (Prev, Next): (CMBitMap*) 0x00007f8334027e18, (CMBitMap*) 0x00007f8334027e58
 Prev Bits: [0x0000000102bab000, 0x0000000104bab000)
 Next Bits: [0x000000011d356000, 0x000000011f356000)

Polling page: 0x00000001002c3000

Metaspace:

Usage:
  Non-class:      4.36 MB capacity,     2.42 MB ( 55%) used,     1.94 MB ( 45%) free+waste,     2.81 KB ( <1%) overhead. 
      Class:    443.00 KB capacity,   266.29 KB ( 60%) used,   175.15 KB ( 40%) free+waste,     1.56 KB ( <1%) overhead. 
       Both:      4.79 MB capacity,     2.68 MB ( 56%) used,     2.11 MB ( 44%) free+waste,     4.38 KB ( <1%) overhead. 

Virtual space:
  Non-class space:        8.00 MB reserved,       4.50 MB ( 56%) committed 
      Class space:        1.00 GB reserved,     512.00 KB ( <1%) committed 
             Both:        1.01 GB reserved,       5.00 MB ( <1%) committed 

Chunk freelists:
   Non-Class:  33.00 KB
       Class:  5.00 KB
        Both:  38.00 KB

MaxMetaspaceSize: unlimited
CompressedClassSpaceSize: 1.00 GB

CodeHeap 'non-profiled nmethods': size=120032Kb used=121Kb max_used=121Kb free=119910Kb
 bounds [0x0000000115e1e000, 0x000000011608e000, 0x000000011d356000]
CodeHeap 'profiled nmethods': size=120028Kb used=559Kb max_used=559Kb free=119468Kb
 bounds [0x000000010e8e7000, 0x000000010eb57000, 0x0000000115e1e000]
CodeHeap 'non-nmethods': size=5700Kb used=1185Kb max_used=1203Kb free=4514Kb
 bounds [0x000000010e356000, 0x000000010e5c6000, 0x000000010e8e7000]
 total_blobs=849 nmethods=384 adapters=273
 compilation: enabled
              stopped_count=0, restarted_count=0
 full_count=0

Compilation events (20 events):
Event: 632.591 Thread 0x00007f8334095000  373       3       org.eclipse.jdt.launching.internal.org.objectweb.asm.Label::addLineNumber (89 bytes)
Event: 632.591 Thread 0x00007f8334095000 nmethod 373 0x000000010e96c510 code [0x000000010e96c6e0, 0x000000010e96cc88]
Event: 651.007 Thread 0x00007f8334095000  378       3       org.eclipse.jdt.launching.internal.org.objectweb.asm.MethodWriter::visitLabel (328 bytes)
Event: 651.008 Thread 0x00007f8334095000 nmethod 378 0x000000010e96ce10 code [0x000000010e96d080, 0x000000010e96dff8]
Event: 651.008 Thread 0x00007f8334095000  376       3       org.eclipse.jdt.launching.internal.org.objectweb.asm.ClassReader::readClass (7 bytes)
Event: 651.009 Thread 0x00007f8334095000 nmethod 376 0x000000010e96e390 code [0x000000010e96e580, 0x000000010e96ea88]
Event: 651.009 Thread 0x00007f8334095000  377       3       org.eclipse.jdt.launching.internal.org.objectweb.asm.ClassReader::readStringish (16 bytes)
Event: 651.011 Thread 0x00007f8334095000 nmethod 377 0x000000010e96ed10 code [0x000000010e96eee0, 0x000000010e96f388]
Event: 1126.689 Thread 0x00007f8334095000  380       3       org.eclipse.jdt.launching.internal.org.objectweb.asm.ByteVector::put12 (64 bytes)
Event: 1126.689 Thread 0x00007f8334095000 nmethod 380 0x000000010e96f610 code [0x000000010e96f7c0, 0x000000010e96fa88]
Event: 1126.689 Thread 0x00007f8334095000  379       1       java.lang.Integer::intValue (5 bytes)
Event: 1126.689 Thread 0x00007f8334095000 nmethod 379 0x0000000115e3c210 code [0x0000000115e3c3a0, 0x0000000115e3c4d0]
Event: 1126.690 Thread 0x00007f8334095000  382       3       org.eclipse.jdt.launching.internal.org.objectweb.asm.SymbolTable::addConstantMemberReference (147 bytes)
Event: 1126.692 Thread 0x00007f8334095000 nmethod 382 0x000000010e96fc10 code [0x000000010e96fea0, 0x000000010e970848]
Event: 1126.692 Thread 0x00007f8334095000  381       3       org.eclipse.jdt.launching.internal.org.objectweb.asm.SymbolTable::addConstantUtf8Reference (101 bytes)
Event: 1126.692 Thread 0x00007f8334095000 nmethod 381 0x000000010e970e10 code [0x000000010e971040, 0x000000010e971758]
Event: 1136.200 Thread 0x00007f8334095000  384       3       org.eclipse.jdt.launching.internal.org.objectweb.asm.ClassReader::readLabel (20 bytes)
Event: 1136.200 Thread 0x00007f8334095000 nmethod 384 0x000000010e971b10 code [0x000000010e971ce0, 0x000000010e9721f0]
Event: 1136.200 Thread 0x00007f8334095000  383       3       org.eclipse.jdt.launching.internal.org.objectweb.asm.MethodWriter::visitLineNumber (50 bytes)
Event: 1136.201 Thread 0x00007f8334095000 nmethod 383 0x000000010e972390 code [0x000000010e972560, 0x000000010e972ab8]

GC Heap History (0 events):
No events

Deoptimization events (20 events):
Event: 0.372 Thread 0x00007f8334800800 DEOPT PACKING pc=0x000000010e95170b sp=0x0000700006bfa8b0
Event: 0.372 Thread 0x00007f8334800800 DEOPT UNPACKING pc=0x000000010e39f33a sp=0x0000700006bf9d98 mode 0
Event: 0.379 Thread 0x00007f8334800800 DEOPT PACKING pc=0x000000010e95170b sp=0x0000700006bfa910
Event: 0.379 Thread 0x00007f8334800800 DEOPT UNPACKING pc=0x000000010e39f33a sp=0x0000700006bf9df8 mode 0
Event: 0.379 Thread 0x00007f8334800800 DEOPT PACKING pc=0x000000010e95170b sp=0x0000700006bfa7d0
Event: 0.379 Thread 0x00007f8334800800 DEOPT UNPACKING pc=0x000000010e39f33a sp=0x0000700006bf9cb8 mode 0
Event: 0.386 Thread 0x00007f8334800800 DEOPT PACKING pc=0x000000010e95170b sp=0x0000700006bf96c0
Event: 0.386 Thread 0x00007f8334800800 DEOPT UNPACKING pc=0x000000010e39f33a sp=0x0000700006bf8ba8 mode 0
Event: 0.387 Thread 0x00007f8334800800 DEOPT PACKING pc=0x000000010e95170b sp=0x0000700006bf96c0
Event: 0.387 Thread 0x00007f8334800800 DEOPT UNPACKING pc=0x000000010e39f33a sp=0x0000700006bf8ba8 mode 0
Event: 0.387 Thread 0x00007f8334800800 DEOPT PACKING pc=0x000000010e95170b sp=0x0000700006bf96c0
Event: 0.387 Thread 0x00007f8334800800 DEOPT UNPACKING pc=0x000000010e39f33a sp=0x0000700006bf8ba8 mode 0
Event: 319.090 Thread 0x00007f8335807800 DEOPT PACKING pc=0x000000010e95170b sp=0x0000700007b2b330
Event: 319.090 Thread 0x00007f8335807800 DEOPT UNPACKING pc=0x000000010e39f33a sp=0x0000700007b2a818 mode 0
Event: 319.090 Thread 0x00007f8335807800 DEOPT PACKING pc=0x000000010e95170b sp=0x0000700007b2b330
Event: 319.090 Thread 0x00007f8335807800 DEOPT UNPACKING pc=0x000000010e39f33a sp=0x0000700007b2a818 mode 0
Event: 319.091 Thread 0x00007f8335807800 Uncommon trap: trap_request=0xffffff45 fr.pc=0x0000000115e24ec8 relative=0x00000000000000a8
Event: 319.091 Thread 0x00007f8335807800 Uncommon trap: reason=unstable_if action=reinterpret pc=0x0000000115e24ec8 method=java.lang.String.hashCode()I @ 42 c2
Event: 319.091 Thread 0x00007f8335807800 DEOPT PACKING pc=0x0000000115e24ec8 sp=0x0000700007b2c290
Event: 319.091 Thread 0x00007f8335807800 DEOPT UNPACKING pc=0x000000010e39ee25 sp=0x0000700007b2c248 mode 2

Classes unloaded (0 events):
No events

Classes redefined (16 events):
Event: 15.549 Thread 0x00007f8335805000 redefined class name=findManhattanDist, count=1
Event: 319.093 Thread 0x00007f8335805000 redefined class name=findManhattanDist, count=2
Event: 347.714 Thread 0x00007f8335805000 redefined class name=findManhattanDist, count=3
Event: 406.707 Thread 0x00007f8335805000 redefined class name=findManhattanDist, count=4
Event: 424.701 Thread 0x00007f8335805000 redefined class name=findManhattanDist, count=5
Event: 428.579 Thread 0x00007f8335805000 redefined class name=findManhattanDist, count=6
Event: 449.537 Thread 0x00007f8335805000 redefined class name=findManhattanDist, count=7
Event: 482.924 Thread 0x00007f8335805000 redefined class name=findManhattanDist, count=8
Event: 553.021 Thread 0x00007f8335805000 redefined class name=findManhattanDist, count=9
Event: 572.149 Thread 0x00007f8335805000 redefined class name=findManhattanDist, count=10
Event: 632.591 Thread 0x00007f8335805000 redefined class name=findManhattanDist, count=11
Event: 651.010 Thread 0x00007f8335805000 redefined class name=findManhattanDist, count=12
Event: 1084.094 Thread 0x00007f8335805000 redefined class name=findManhattanDist, count=13
Event: 1116.322 Thread 0x00007f8335805000 redefined class name=findManhattanDist, count=14
Event: 1126.691 Thread 0x00007f8335805000 redefined class name=findManhattanDist, count=15
Event: 1136.201 Thread 0x00007f8335805000 redefined class name=findManhattanDist, count=16

Internal exceptions (0 events):
No events

Events (20 events):
Event: 1126.698 Executing VM operation: GetFrameCount done
Event: 1126.698 Executing VM operation: GetStackTrace
Event: 1126.698 Executing VM operation: GetStackTrace done
Event: 1126.912 Executing VM operation: GetCurrentContendedMonitor
Event: 1126.912 Executing VM operation: GetCurrentContendedMonitor done
Event: 1126.912 Executing VM operation: GetOwnedMonitorInfo
Event: 1126.912 Executing VM operation: GetOwnedMonitorInfo done
Event: 1127.183 Executing VM operation: GetFrameCount
Event: 1127.183 Executing VM operation: GetFrameCount done
Event: 1127.183 Executing VM operation: GetOwnedMonitorInfo
Event: 1127.183 Executing VM operation: GetOwnedMonitorInfo done
Event: 1127.183 Executing VM operation: GetCurrentContendedMonitor
Event: 1127.183 Executing VM operation: GetCurrentContendedMonitor done
Event: 1127.223 Executing VM operation: GetCurrentContendedMonitor
Event: 1127.223 Executing VM operation: GetCurrentContendedMonitor done
Event: 1127.223 Executing VM operation: GetOwnedMonitorInfo
Event: 1127.223 Executing VM operation: GetOwnedMonitorInfo done
Event: 1136.012 Executing VM operation: ChangeBreakpoints
Event: 1136.012 Executing VM operation: ChangeBreakpoints done
Event: 1136.201 Executing VM operation: RedefineClasses


Dynamic libraries:
0x00007fff6f50b000 	/usr/lib/libz.1.dylib
0x000000010025f000 	/Library/Java/JavaVirtualMachines/jdk-13.0.2.jdk/Contents/Home/lib/libjli.dylib
0x00007fff37d2b000 	/System/Library/Frameworks/Cocoa.framework/Versions/A/Cocoa
0x00007fff452df000 	/System/Library/Frameworks/Security.framework/Versions/A/Security
0x00007fff36ccb000 	/System/Library/Frameworks/ApplicationServices.framework/Versions/A/ApplicationServices
0x00007fff6cff3000 	/usr/lib/libSystem.B.dylib
0x00007fff6ff83000 	/usr/lib/system/libcache.dylib
0x00007fff6ff89000 	/usr/lib/system/libcommonCrypto.dylib
0x00007fff6ff95000 	/usr/lib/system/libcompiler_rt.dylib
0x00007fff6ff9d000 	/usr/lib/system/libcopyfile.dylib
0x00007fff6ffa7000 	/usr/lib/system/libcorecrypto.dylib
0x00007fff70155000 	/usr/lib/system/libdispatch.dylib
0x00007fff70197000 	/usr/lib/system/libdyld.dylib
0x00007fff701cd000 	/usr/lib/system/libkeymgr.dylib
0x00007fff701db000 	/usr/lib/system/liblaunch.dylib
0x00007fff701dc000 	/usr/lib/system/libmacho.dylib
0x00007fff701e2000 	/usr/lib/system/libquarantine.dylib
0x00007fff701e5000 	/usr/lib/system/libremovefile.dylib
0x00007fff701e7000 	/usr/lib/system/libsystem_asl.dylib
0x00007fff701ff000 	/usr/lib/system/libsystem_blocks.dylib
0x00007fff70200000 	/usr/lib/system/libsystem_c.dylib
0x00007fff70288000 	/usr/lib/system/libsystem_configuration.dylib
0x00007fff7028c000 	/usr/lib/system/libsystem_coreservices.dylib
0x00007fff70290000 	/usr/lib/system/libsystem_darwin.dylib
0x00007fff70298000 	/usr/lib/system/libsystem_dnssd.dylib
0x00007fff702a0000 	/usr/lib/system/libsystem_featureflags.dylib
0x00007fff702a2000 	/usr/lib/system/libsystem_info.dylib
0x00007fff7031d000 	/usr/lib/system/libsystem_m.dylib
0x00007fff70365000 	/usr/lib/system/libsystem_malloc.dylib
0x00007fff7038d000 	/usr/lib/system/libsystem_networkextension.dylib
0x00007fff7039b000 	/usr/lib/system/libsystem_notify.dylib
0x00007fff703ba000 	/usr/lib/system/libsystem_sandbox.dylib
0x00007fff703bf000 	/usr/lib/system/libsystem_secinit.dylib
0x00007fff702f0000 	/usr/lib/system/libsystem_kernel.dylib
0x00007fff703a5000 	/usr/lib/system/libsystem_platform.dylib
0x00007fff703af000 	/usr/lib/system/libsystem_pthread.dylib
0x00007fff703c2000 	/usr/lib/system/libsystem_symptoms.dylib
0x00007fff703ca000 	/usr/lib/system/libsystem_trace.dylib
0x00007fff703e2000 	/usr/lib/system/libunwind.dylib
0x00007fff703e8000 	/usr/lib/system/libxpc.dylib
0x00007fff6ee33000 	/usr/lib/libobjc.A.dylib
0x00007fff6d325000 	/usr/lib/libc++abi.dylib
0x00007fff6d2d1000 	/usr/lib/libc++.1.dylib
0x00007fff38c94000 	/System/Library/Frameworks/CoreFoundation.framework/Versions/A/CoreFoundation
0x00007fff3b357000 	/System/Library/Frameworks/Foundation.framework/Versions/C/Foundation
0x00007fff35ec3000 	/System/Library/Frameworks/AppKit.framework/Versions/C/AppKit
0x00007fff387a8000 	/System/Library/Frameworks/CoreData.framework/Versions/A/CoreData
0x00007fff6989e000 	/System/Library/PrivateFrameworks/UIFoundation.framework/Versions/A/UIFoundation
0x00007fff640cf000 	/System/Library/PrivateFrameworks/RemoteViewServices.framework/Versions/A/RemoteViewServices
0x00007fff6c321000 	/System/Library/PrivateFrameworks/XCTTargetBootstrap.framework/Versions/A/XCTTargetBootstrap
0x00007fff38b87000 	/System/Library/Frameworks/CoreDisplay.framework/Versions/A/CoreDisplay
0x00007fff3e0ca000 	/System/Library/Frameworks/Metal.framework/Versions/A/Metal
0x00007fff525db000 	/System/Library/PrivateFrameworks/DesktopServicesPriv.framework/Versions/A/DesktopServicesPriv
0x00007fff6e11e000 	/usr/lib/liblangid.dylib
0x00007fff51732000 	/System/Library/PrivateFrameworks/CoreSVG.framework/Versions/A/CoreSVG
0x00007fff66e4f000 	/System/Library/PrivateFrameworks/SkyLight.framework/Versions/A/SkyLight
0x00007fff39115000 	/System/Library/Frameworks/CoreGraphics.framework/Versions/A/CoreGraphics
0x00007fff34a64000 	/System/Library/Frameworks/Accelerate.framework/Versions/A/Accelerate
0x00007fff6f3fc000 	/usr/lib/libxml2.2.dylib
0x00007fff5d2de000 	/System/Library/PrivateFrameworks/IconServices.framework/Versions/A/IconServices
0x00007fff3bb39000 	/System/Library/Frameworks/IOSurface.framework/Versions/A/IOSurface
0x00007fff6cb2b000 	/usr/lib/libDiagnosticMessagesClient.dylib
0x00007fff52454000 	/System/Library/PrivateFrameworks/DFRFoundation.framework/Versions/A/DFRFoundation
0x00007fff6deac000 	/usr/lib/libicucore.A.dylib
0x00007fff36ffd000 	/System/Library/Frameworks/AudioToolbox.framework/Versions/A/AudioToolbox
0x00007fff370df000 	/System/Library/Frameworks/AudioUnit.framework/Versions/A/AudioUnit
0x00007fff6d1f5000 	/usr/lib/libauto.dylib
0x00007fff524d5000 	/System/Library/PrivateFrameworks/DataDetectorsCore.framework/Versions/A/DataDetectorsCore
0x00007fff3784b000 	/System/Library/Frameworks/Carbon.framework/Versions/A/Frameworks/HIToolbox.framework/Versions/A/HIToolbox
0x00007fff44514000 	/System/Library/Frameworks/QuartzCore.framework/Versions/A/QuartzCore
0x00007fff37b8a000 	/System/Library/Frameworks/Carbon.framework/Versions/A/Frameworks/SpeechRecognition.framework/Versions/A/SpeechRecognition
0x00007fff51dd8000 	/System/Library/PrivateFrameworks/CoreUI.framework/Versions/A/CoreUI
0x00007fff3820e000 	/System/Library/Frameworks/CoreAudio.framework/Versions/A/CoreAudio
0x00007fff3b01f000 	/System/Library/Frameworks/DiskArbitration.framework/Versions/A/DiskArbitration
0x00007fff5f2e7000 	/System/Library/PrivateFrameworks/MultitouchSupport.framework/Versions/A/MultitouchSupport
0x00007fff6dd72000 	/usr/lib/libenergytrace.dylib
0x00007fff3ba94000 	/System/Library/Frameworks/IOKit.framework/Versions/A/IOKit
0x00007fff3a081000 	/System/Library/Frameworks/CoreServices.framework/Versions/A/CoreServices
0x00007fff6135d000 	/System/Library/PrivateFrameworks/PerformanceAnalysis.framework/Versions/A/PerformanceAnalysis
0x00007fff4354b000 	/System/Library/Frameworks/OpenGL.framework/Versions/A/OpenGL
0x00007fff37d39000 	/System/Library/Frameworks/ColorSync.framework/Versions/A/ColorSync
0x00007fff3979b000 	/System/Library/Frameworks/CoreImage.framework/Versions/A/CoreImage
0x00007fff3aaf6000 	/System/Library/Frameworks/CoreText.framework/Versions/A/CoreText
0x00007fff3bbc0000 	/System/Library/Frameworks/ImageIO.framework/Versions/A/ImageIO
0x00007fff6d34d000 	/usr/lib/libcompression.dylib
0x00007fff6ce6d000 	/usr/lib/libMobileGestalt.dylib
0x00007fff68980000 	/System/Library/PrivateFrameworks/TextureIO.framework/Versions/A/TextureIO
0x00007fff6d15b000 	/usr/lib/libate.dylib
0x00007fff5d4e6000 	/System/Library/PrivateFrameworks/InternationalSupport.framework/Versions/A/InternationalSupport
0x00007fff6e120000 	/usr/lib/liblzma.5.dylib
0x00007fff6dd9a000 	/usr/lib/libfakelink.dylib
0x00007fff6d0e8000 	/usr/lib/libarchive.2.dylib
0x00007fff46499000 	/System/Library/Frameworks/SystemConfiguration.framework/Versions/A/SystemConfiguration
0x00007fff6ca5c000 	/usr/lib/libCRFSuite.dylib
0x00007fff37455000 	/System/Library/Frameworks/CFNetwork.framework/Versions/A/CFNetwork
0x00007fff6d2b3000 	/usr/lib/libbsm.0.dylib
0x00007fff701ce000 	/usr/lib/system/libkxld.dylib
0x00007fff4bf71000 	/System/Library/PrivateFrameworks/AppleFSCompression.framework/Versions/A/AppleFSCompression
0x00007fff6d631000 	/usr/lib/libcoretls.dylib
0x00007fff6d648000 	/usr/lib/libcoretls_cfhelpers.dylib
0x00007fff6ee77000 	/usr/lib/libpam.2.dylib
0x00007fff6efa7000 	/usr/lib/libsqlite3.dylib
0x00007fff6f3e9000 	/usr/lib/libxar.1.dylib
0x00007fff6d2c4000 	/usr/lib/libbz2.1.0.dylib
0x00007fff6ddbb000 	/usr/lib/libiconv.2.dylib
0x00007fff6d33a000 	/usr/lib/libcharset.1.dylib
0x00007fff6e922000 	/usr/lib/libnetwork.dylib
0x00007fff6ee7e000 	/usr/lib/libpcap.A.dylib
0x00007fff6d09d000 	/usr/lib/libapple_nghttp2.dylib
0x00007fff3a438000 	/System/Library/Frameworks/CoreServices.framework/Versions/A/Frameworks/FSEvents.framework/Versions/A/FSEvents
0x00007fff3a108000 	/System/Library/Frameworks/CoreServices.framework/Versions/A/Frameworks/CarbonCore.framework/Versions/A/CarbonCore
0x00007fff3a67b000 	/System/Library/Frameworks/CoreServices.framework/Versions/A/Frameworks/Metadata.framework/Versions/A/Metadata
0x00007fff3a714000 	/System/Library/Frameworks/CoreServices.framework/Versions/A/Frameworks/OSServices.framework/Versions/A/OSServices
0x00007fff3a742000 	/System/Library/Frameworks/CoreServices.framework/Versions/A/Frameworks/SearchKit.framework/Versions/A/SearchKit
0x00007fff3a082000 	/System/Library/Frameworks/CoreServices.framework/Versions/A/Frameworks/AE.framework/Versions/A/AE
0x00007fff3a441000 	/System/Library/Frameworks/CoreServices.framework/Versions/A/Frameworks/LaunchServices.framework/Versions/A/LaunchServices
0x00007fff3a3ea000 	/System/Library/Frameworks/CoreServices.framework/Versions/A/Frameworks/DictionaryServices.framework/Versions/A/DictionaryServices
0x00007fff3a7aa000 	/System/Library/Frameworks/CoreServices.framework/Versions/A/Frameworks/SharedFileList.framework/Versions/A/SharedFileList
0x00007fff3f39f000 	/System/Library/Frameworks/NetFS.framework/Versions/A/NetFS
0x00007fff5f78a000 	/System/Library/PrivateFrameworks/NetAuth.framework/Versions/A/NetAuth
0x00007fff6c6eb000 	/System/Library/PrivateFrameworks/login.framework/Versions/A/Frameworks/loginsupport.framework/Versions/A/loginsupport
0x00007fff6847e000 	/System/Library/PrivateFrameworks/TCC.framework/Versions/A/TCC
0x00007fff50b05000 	/System/Library/PrivateFrameworks/CoreNLP.framework/Versions/A/CoreNLP
0x00007fff5ed17000 	/System/Library/PrivateFrameworks/MetadataUtilities.framework/Versions/A/MetadataUtilities
0x00007fff6e1f8000 	/usr/lib/libmecabra.dylib
0x00007fff6e150000 	/usr/lib/libmecab.dylib
0x00007fff6ddab000 	/usr/lib/libgermantok.dylib
0x00007fff6d084000 	/usr/lib/libThaiTokenizer.dylib
0x00007fff6ca94000 	/usr/lib/libChineseTokenizer.dylib
0x00007fff34a7c000 	/System/Library/Frameworks/Accelerate.framework/Versions/A/Frameworks/vImage.framework/Versions/A/vImage
0x00007fff35d1e000 	/System/Library/Frameworks/Accelerate.framework/Versions/A/Frameworks/vecLib.framework/Versions/A/vecLib
0x00007fff35c62000 	/System/Library/Frameworks/Accelerate.framework/Versions/A/Frameworks/vecLib.framework/Versions/A/libvMisc.dylib
0x00007fff35a88000 	/System/Library/Frameworks/Accelerate.framework/Versions/A/Frameworks/vecLib.framework/Versions/A/libvDSP.dylib
0x00007fff350e8000 	/System/Library/Frameworks/Accelerate.framework/Versions/A/Frameworks/vecLib.framework/Versions/A/libBLAS.dylib
0x00007fff35642000 	/System/Library/Frameworks/Accelerate.framework/Versions/A/Frameworks/vecLib.framework/Versions/A/libLAPACK.dylib
0x00007fff359e8000 	/System/Library/Frameworks/Accelerate.framework/Versions/A/Frameworks/vecLib.framework/Versions/A/libLinearAlgebra.dylib
0x00007fff35a75000 	/System/Library/Frameworks/Accelerate.framework/Versions/A/Frameworks/vecLib.framework/Versions/A/libSparseBLAS.dylib
0x00007fff359fe000 	/System/Library/Frameworks/Accelerate.framework/Versions/A/Frameworks/vecLib.framework/Versions/A/libQuadrature.dylib
0x00007fff35351000 	/System/Library/Frameworks/Accelerate.framework/Versions/A/Frameworks/vecLib.framework/Versions/A/libBNNS.dylib
0x00007fff35a04000 	/System/Library/Frameworks/Accelerate.framework/Versions/A/Frameworks/vecLib.framework/Versions/A/libSparse.dylib
0x00007fff5d8a4000 	/System/Library/PrivateFrameworks/LanguageModeling.framework/Versions/A/LanguageModeling
0x00007fff504a4000 	/System/Library/PrivateFrameworks/CoreEmoji.framework/Versions/A/CoreEmoji
0x00007fff5d9c2000 	/System/Library/PrivateFrameworks/LinguisticData.framework/Versions/A/LinguisticData
0x00007fff5d973000 	/System/Library/PrivateFrameworks/Lexicon.framework/Versions/A/Lexicon
0x00007fff6d33b000 	/usr/lib/libcmph.dylib
0x00007fff41f71000 	/System/Library/Frameworks/OpenDirectory.framework/Versions/A/Frameworks/CFOpenDirectory.framework/Versions/A/CFOpenDirectory
0x00007fff41f8e000 	/System/Library/Frameworks/OpenDirectory.framework/Versions/A/OpenDirectory
0x00007fff4a25f000 	/System/Library/PrivateFrameworks/APFS.framework/Versions/A/APFS
0x00007fff45626000 	/System/Library/Frameworks/SecurityFoundation.framework/Versions/A/SecurityFoundation
0x00007fff6f3e5000 	/usr/lib/libutil.dylib
0x00007fff5178a000 	/System/Library/PrivateFrameworks/CoreServicesStore.framework/Versions/A/CoreServicesStore
0x00007fff45708000 	/System/Library/Frameworks/ServiceManagement.framework/Versions/A/ServiceManagement
0x00007fff4d723000 	/System/Library/PrivateFrameworks/BackgroundTaskManagement.framework/Versions/A/BackgroundTaskManagement
0x00007fff6f4e2000 	/usr/lib/libxslt.1.dylib
0x00007fff4c5d4000 	/System/Library/PrivateFrameworks/AppleSystemInfo.framework/Versions/A/AppleSystemInfo
0x00007fff3bddc000 	/System/Library/Frameworks/ImageIO.framework/Versions/A/Resources/libJPEG.dylib
0x00007fff3c09b000 	/System/Library/Frameworks/ImageIO.framework/Versions/A/Resources/libTIFF.dylib
0x00007fff3c07e000 	/System/Library/Frameworks/ImageIO.framework/Versions/A/Resources/libPng.dylib
0x00007fff3bd1d000 	/System/Library/Frameworks/ImageIO.framework/Versions/A/Resources/libGIF.dylib
0x00007fff3bd21000 	/System/Library/Frameworks/ImageIO.framework/Versions/A/Resources/libJP2.dylib
0x00007fff3c099000 	/System/Library/Frameworks/ImageIO.framework/Versions/A/Resources/libRadiance.dylib
0x00007fff6dd73000 	/usr/lib/libexpat.1.dylib
0x00007fff4c0cc000 	/System/Library/PrivateFrameworks/AppleJPEG.framework/Versions/A/AppleJPEG
0x00007fff549eb000 	/System/Library/PrivateFrameworks/FontServices.framework/libFontParser.dylib
0x00007fff6b749000 	/System/Library/PrivateFrameworks/WatchdogClient.framework/Versions/A/WatchdogClient
0x00007fff5cf33000 	/System/Library/PrivateFrameworks/IOAccelerator.framework/Versions/A/IOAccelerator
0x00007fff3e458000 	/System/Library/Frameworks/MetalPerformanceShaders.framework/Versions/A/MetalPerformanceShaders
0x00007fff59738000 	/System/Library/PrivateFrameworks/GPUWrangler.framework/Versions/A/GPUWrangler
0x00007fff5cf3e000 	/System/Library/PrivateFrameworks/IOPresentment.framework/Versions/A/IOPresentment
0x00007fff52467000 	/System/Library/PrivateFrameworks/DSExternalDisplay.framework/Versions/A/DSExternalDisplay
0x00007fff428f7000 	/System/Library/Frameworks/OpenGL.framework/Versions/A/Libraries/libCoreFSCache.dylib
0x00007fff3e1aa000 	/System/Library/Frameworks/MetalPerformanceShaders.framework/Frameworks/MPSCore.framework/Versions/A/MPSCore
0x00007fff3e1e7000 	/System/Library/Frameworks/MetalPerformanceShaders.framework/Frameworks/MPSImage.framework/Versions/A/MPSImage
0x00007fff3e2a9000 	/System/Library/Frameworks/MetalPerformanceShaders.framework/Frameworks/MPSNeuralNetwork.framework/Versions/A/MPSNeuralNetwork
0x00007fff3e26e000 	/System/Library/Frameworks/MetalPerformanceShaders.framework/Frameworks/MPSMatrix.framework/Versions/A/MPSMatrix
0x00007fff3e409000 	/System/Library/Frameworks/MetalPerformanceShaders.framework/Frameworks/MPSRayIntersector.framework/Versions/A/MPSRayIntersector
0x00007fff3e293000 	/System/Library/Frameworks/MetalPerformanceShaders.framework/Frameworks/MPSNDArray.framework/Versions/A/MPSNDArray
0x00007fff5ed64000 	/System/Library/PrivateFrameworks/MetalTools.framework/Versions/A/MetalTools
0x00007fff4b3ff000 	/System/Library/PrivateFrameworks/AggregateDictionary.framework/Versions/A/AggregateDictionary
0x00007fff4ff37000 	/System/Library/PrivateFrameworks/CoreAnalytics.framework/Versions/A/CoreAnalytics
0x00007fff4c4f2000 	/System/Library/PrivateFrameworks/AppleSauce.framework/Versions/A/AppleSauce
0x00007fff6cd50000 	/usr/lib/libIOReport.dylib
0x00007fff3acab000 	/System/Library/Frameworks/CoreVideo.framework/Versions/A/CoreVideo
0x00007fff5ab9d000 	/System/Library/PrivateFrameworks/GraphVisualizer.framework/Versions/A/GraphVisualizer
0x00007fff53f6a000 	/System/Library/PrivateFrameworks/FaceCore.framework/Versions/A/FaceCore
0x00007fff41f18000 	/System/Library/Frameworks/OpenCL.framework/Versions/A/OpenCL
0x00007fff6cb72000 	/usr/lib/libFosl_dynamic.dylib
0x00007fff60182000 	/System/Library/PrivateFrameworks/OTSVG.framework/Versions/A/OTSVG
0x00007fff36dd0000 	/System/Library/Frameworks/ApplicationServices.framework/Versions/A/Frameworks/ATS.framework/Versions/A/Resources/libFontRegistry.dylib
0x00007fff54bbc000 	/System/Library/PrivateFrameworks/FontServices.framework/libhvf.dylib
0x00007fff42902000 	/System/Library/Frameworks/OpenGL.framework/Versions/A/Libraries/libGFXShared.dylib
0x00007fff42adf000 	/System/Library/Frameworks/OpenGL.framework/Versions/A/Libraries/libGLU.dylib
0x00007fff4290b000 	/System/Library/Frameworks/OpenGL.framework/Versions/A/Libraries/libGL.dylib
0x00007fff42916000 	/System/Library/Frameworks/OpenGL.framework/Versions/A/Libraries/libGLImage.dylib
0x00007fff428f4000 	/System/Library/Frameworks/OpenGL.framework/Versions/A/Libraries/libCVMSPluginSupport.dylib
0x00007fff428fd000 	/System/Library/Frameworks/OpenGL.framework/Versions/A/Libraries/libCoreVMClient.dylib
0x00007fff6e7c4000 	/usr/lib/libncurses.5.4.dylib
0x00007fff36ccc000 	/System/Library/Frameworks/ApplicationServices.framework/Versions/A/Frameworks/ATS.framework/Versions/A/ATS
0x00007fff36e99000 	/System/Library/Frameworks/ApplicationServices.framework/Versions/A/Frameworks/ColorSyncLegacy.framework/Versions/A/ColorSyncLegacy
0x00007fff36f38000 	/System/Library/Frameworks/ApplicationServices.framework/Versions/A/Frameworks/HIServices.framework/Versions/A/HIServices
0x00007fff36f8f000 	/System/Library/Frameworks/ApplicationServices.framework/Versions/A/Frameworks/LangAnalysis.framework/Versions/A/LangAnalysis
0x00007fff36f9e000 	/System/Library/Frameworks/ApplicationServices.framework/Versions/A/Frameworks/PrintCore.framework/Versions/A/PrintCore
0x00007fff36fe4000 	/System/Library/Frameworks/ApplicationServices.framework/Versions/A/Frameworks/QD.framework/Versions/A/QD
0x00007fff36fef000 	/System/Library/Frameworks/ApplicationServices.framework/Versions/A/Frameworks/SpeechSynthesis.framework/Versions/A/SpeechSynthesis
0x00007fff36e69000 	/System/Library/Frameworks/ApplicationServices.framework/Versions/A/Frameworks/ATSUI.framework/Versions/A/ATSUI
0x00007fff6dc07000 	/usr/lib/libcups.2.dylib
0x00007fff3d509000 	/System/Library/Frameworks/Kerberos.framework/Versions/A/Kerberos
0x00007fff3b78b000 	/System/Library/Frameworks/GSS.framework/Versions/A/GSS
0x00007fff6ef33000 	/usr/lib/libresolv.9.dylib
0x00007fff5ad3e000 	/System/Library/PrivateFrameworks/Heimdal.framework/Versions/A/Heimdal
0x00007fff3d51c000 	/System/Library/Frameworks/Kerberos.framework/Versions/A/Libraries/libHeimdalProxy.dylib
0x00007fff6ddb1000 	/usr/lib/libheimdal-asn1.dylib
0x00007fff4f3db000 	/System/Library/PrivateFrameworks/CommonAuth.framework/Versions/A/CommonAuth
0x00007fff4c671000 	/System/Library/PrivateFrameworks/AssertionServices.framework/Versions/A/AssertionServices
0x00007fff4d211000 	/System/Library/PrivateFrameworks/AudioToolboxCore.framework/Versions/A/AudioToolboxCore
0x00007fff6c39d000 	/System/Library/PrivateFrameworks/caulk.framework/Versions/A/caulk
0x00007fff4d7cf000 	/System/Library/PrivateFrameworks/BaseBoard.framework/Versions/A/BaseBoard
0x00007fff6425d000 	/System/Library/PrivateFrameworks/RunningBoardServices.framework/Versions/A/RunningBoardServices
0x00007fff61369000 	/System/Library/PrivateFrameworks/PersistentConnection.framework/Versions/A/PersistentConnection
0x00007fff63cb1000 	/System/Library/PrivateFrameworks/ProtocolBuffer.framework/Versions/A/ProtocolBuffer
0x00007fff4f400000 	/System/Library/PrivateFrameworks/CommonUtilities.framework/Versions/A/CommonUtilities
0x00007fff4d952000 	/System/Library/PrivateFrameworks/Bom.framework/Versions/A/Bom
0x00007fff6ca20000 	/usr/lib/libAudioToolboxUtility.dylib
0x00007fff4d72d000 	/System/Library/PrivateFrameworks/Backup.framework/Versions/A/Backup
0x00007fff521d5000 	/System/Library/PrivateFrameworks/CrashReporterSupport.framework/Versions/A/CrashReporterSupport
0x00007fff65cf7000 	/System/Library/PrivateFrameworks/Sharing.framework/Versions/A/Sharing
0x00007fff4be17000 	/System/Library/PrivateFrameworks/Apple80211.framework/Versions/A/Apple80211
0x00007fff4d44f000 	/System/Library/PrivateFrameworks/AuthKit.framework/Versions/A/AuthKit
0x00007fff51f05000 	/System/Library/PrivateFrameworks/CoreUtils.framework/Versions/A/CoreUtils
0x00007fff3acf0000 	/System/Library/Frameworks/CoreWLAN.framework/Versions/A/CoreWLAN
0x00007fff3b915000 	/System/Library/Frameworks/IOBluetooth.framework/Versions/A/IOBluetooth
0x00007fff5f062000 	/System/Library/PrivateFrameworks/MobileKeyBag.framework/Versions/A/MobileKeyBag
0x00007fff50fde000 	/System/Library/PrivateFrameworks/CorePhoneNumbers.framework/Versions/A/CorePhoneNumbers
0x00007fff4c07f000 	/System/Library/PrivateFrameworks/AppleIDAuthSupport.framework/Versions/A/AppleIDAuthSupport
0x00007fff3f3ac000 	/System/Library/Frameworks/Network.framework/Versions/A/Network
0x00007fff5d72d000 	/System/Library/PrivateFrameworks/KeychainCircle.framework/Versions/A/KeychainCircle
0x00007fff38770000 	/System/Library/Frameworks/CoreBluetooth.framework/Versions/A/CoreBluetooth
0x00007fff6798f000 	/System/Library/PrivateFrameworks/SpeechRecognitionCore.framework/Versions/A/SpeechRecognitionCore
0x0000000100c00000 	/Library/Java/JavaVirtualMachines/jdk-13.0.2.jdk/Contents/Home/lib/server/libjvm.dylib
0x000000010027b000 	/Library/Java/JavaVirtualMachines/jdk-13.0.2.jdk/Contents/Home/lib/libverify.dylib
0x0000000100287000 	/Library/Java/JavaVirtualMachines/jdk-13.0.2.jdk/Contents/Home/lib/libjava.dylib
0x00000001002c5000 	/Library/Java/JavaVirtualMachines/jdk-13.0.2.jdk/Contents/Home/lib/libjdwp.dylib
0x00000001002fb000 	/Library/Java/JavaVirtualMachines/jdk-13.0.2.jdk/Contents/Home/lib/libinstrument.dylib
0x000000010037e000 	/Library/Java/JavaVirtualMachines/jdk-13.0.2.jdk/Contents/Home/lib/libzip.dylib
0x0000000100385000 	/Library/Java/JavaVirtualMachines/jdk-13.0.2.jdk/Contents/Home/lib/libjimage.dylib
0x0000000105960000 	/Library/Java/JavaVirtualMachines/jdk-13.0.2.jdk/Contents/Home/lib/libdt_socket.dylib
0x0000000105966000 	/Library/Java/JavaVirtualMachines/jdk-13.0.2.jdk/Contents/Home/lib/libnio.dylib
0x0000000105974000 	/Library/Java/JavaVirtualMachines/jdk-13.0.2.jdk/Contents/Home/lib/libnet.dylib


VM Arguments:
jvm_args: -agentlib:jdwp=transport=dt_socket,suspend=y,address=localhost:50175 -javaagent:/Applications/Eclipse.app/Contents/Eclipse/configuration/org.eclipse.osgi/221/0/.cp/lib/javaagent-shaded.jar -Dfile.encoding=UTF-8 
java_command: findManhattanDist
java_class_path (initial): /Users/natasha.ahammed/eclipse-workspace/R3_ManhattanDist/bin
Launcher Type: SUN_STANDARD

[Global flags]
     intx CICompilerCount                          = 3                                         {product} {ergonomic}
     uint ConcGCThreads                            = 1                                         {product} {ergonomic}
     uint G1ConcRefinementThreads                  = 4                                         {product} {ergonomic}
   size_t G1HeapRegionSize                         = 1048576                                   {product} {ergonomic}
    uintx GCDrainStackTargetSize                   = 64                                        {product} {ergonomic}
   size_t InitialHeapSize                          = 134217728                                 {product} {ergonomic}
   size_t MarkStackSize                            = 4194304                                   {product} {ergonomic}
   size_t MaxHeapSize                              = 2147483648                                {product} {ergonomic}
   size_t MaxNewSize                               = 1287651328                                {product} {ergonomic}
   size_t MinHeapDeltaBytes                        = 1048576                                   {product} {ergonomic}
   size_t MinHeapSize                              = 8388608                                   {product} {ergonomic}
    uintx NonNMethodCodeHeapSize                   = 5832780                                {pd product} {ergonomic}
    uintx NonProfiledCodeHeapSize                  = 122912730                              {pd product} {ergonomic}
    uintx ProfiledCodeHeapSize                     = 122912730                              {pd product} {ergonomic}
    uintx ReservedCodeCacheSize                    = 251658240                              {pd product} {ergonomic}
     bool SegmentedCodeCache                       = true                                      {product} {ergonomic}
   size_t SoftMaxHeapSize                          = 2147483648                             {manageable} {ergonomic}
     bool UseCompressedClassPointers               = true                                 {lp64_product} {ergonomic}
     bool UseCompressedOops                        = true                                 {lp64_product} {ergonomic}
     bool UseG1GC                                  = true                                      {product} {ergonomic}

Logging:
Log output configuration:
 #0: stdout all=warning uptime,level,tags
 #1: stderr all=off uptime,level,tags

Environment Variables:
PATH=/usr/bin:/bin:/usr/sbin:/sbin
SHELL=/bin/bash

Signal Handlers:
SIGSEGV: [libjvm.dylib+0x77ba40], sa_mask[0]=11111111011111110111111111111111, sa_flags=SA_ONSTACK|SA_RESTART|SA_SIGINFO
SIGBUS: [libjvm.dylib+0x77ba40], sa_mask[0]=11111111011111110111111111111111, sa_flags=SA_RESTART|SA_SIGINFO
SIGFPE: [libjvm.dylib+0x77ba40], sa_mask[0]=11111111011111110111111111111111, sa_flags=SA_RESTART|SA_SIGINFO
SIGPIPE: [libjvm.dylib+0x6221fd], sa_mask[0]=11111111011111110111111111111111, sa_flags=SA_RESTART|SA_SIGINFO
SIGXFSZ: [libjvm.dylib+0x6221fd], sa_mask[0]=11111111011111110111111111111111, sa_flags=SA_RESTART|SA_SIGINFO
SIGILL: [libjvm.dylib+0x77ba40], sa_mask[0]=11111111011111110111111111111111, sa_flags=SA_RESTART|SA_SIGINFO
SIGUSR2: [libjvm.dylib+0x6227e7], sa_mask[0]=00100000000000000000000000000000, sa_flags=SA_RESTART|SA_SIGINFO
SIGHUP: [libjvm.dylib+0x6217d5], sa_mask[0]=11111111011111110111111111111111, sa_flags=SA_RESTART|SA_SIGINFO
SIGINT: [libjvm.dylib+0x6217d5], sa_mask[0]=11111111011111110111111111111111, sa_flags=SA_RESTART|SA_SIGINFO
SIGTERM: [libjvm.dylib+0x6217d5], sa_mask[0]=11111111011111110111111111111111, sa_flags=SA_RESTART|SA_SIGINFO
SIGQUIT: [libjvm.dylib+0x6217d5], sa_mask[0]=11111111011111110111111111111111, sa_flags=SA_RESTART|SA_SIGINFO


---------------  S Y S T E M  ---------------

OS:uname:Darwin 19.0.0 Darwin Kernel Version 19.0.0: Thu Oct 17 16:17:15 PDT 2019; root:xnu-6153.41.3~29/RELEASE_X86_64 x86_64
rlimit: STACK 8192k, CORE 0k, NPROC 1392, NOFILE 10240, AS infinity, DATA infinity, FSIZE infinity
load average:5.01 4.41 3.70

CPU:total 4 (initial active 4) (2 cores per cpu, 2 threads per core) family 6 model 142 stepping 9, cmov, cx8, fxsr, mmx, sse, sse2, sse3, ssse3, sse4.1, sse4.2, popcnt, avx, avx2, aes, clmul, erms, rtm, 3dnowpref, lzcnt, ht, tsc, tscinvbit, bmi1, bmi2, adx, fma

Memory: 4k page, physical 8388608k(476276k free), swap 0k(0k free)

vm_info: Java HotSpot(TM) 64-Bit Server VM (13.0.2+8) for bsd-amd64 JRE (13.0.2+8), built on Dec 11 2019 09:27:08 by "mach5one" with clang 4.2.1 Compatible Apple LLVM 10.0.0 (clang-1000.11.45.5)

END.
