#
# A fatal error has been detected by the Java Runtime Environment:
#
#  SIGSEGV (0xb) at pc=0x000000010e657ef2, pid=891, tid=14851
#
# JRE version: Java(TM) SE Runtime Environment (13.0.2+8) (build 13.0.2+8)
# Java VM: Java HotSpot(TM) 64-Bit Server VM (13.0.2+8, mixed mode, sharing, tiered, compressed oops, g1 gc, bsd-amd64)
# Problematic frame:
# V  [libjvm.dylib+0x257ef2]  ConstantPoolCacheEntry::get_interesting_method_entry()+0x2c
#
# No core dump will be written. Core dumps have been disabled. To enable core dumping, try "ulimit -c unlimited" before starting Java again
#
# If you would like to submit a bug report, please visit:
#   http://bugreport.java.com/bugreport/crash.jsp
#

---------------  S U M M A R Y ------------

Command Line: -agentlib:jdwp=transport=dt_socket,suspend=y,address=localhost:50171 -javaagent:/Applications/Eclipse.app/Contents/Eclipse/configuration/org.eclipse.osgi/221/0/.cp/lib/javaagent-shaded.jar -Dfile.encoding=UTF-8 findManhattanDist

Host: MacBookPro14,1 x86_64 2300 MHz, 4 cores, 8G, Darwin 19.0.0
Time: Tue Feb 25 15:34:00 2020 EST elapsed time: 1156 seconds (0d 0h 19m 16s)

---------------  T H R E A D  ---------------

Current thread (0x00007fdcc3000800):  VMThread "VM Thread" [stack: 0x00007000031aa000,0x00007000032aa000] [id=14851]

Stack: [0x00007000031aa000,0x00007000032aa000],  sp=0x00007000032a9920,  free space=1022k
Native frames: (J=compiled Java code, A=aot compiled Java code, j=interpreted, Vv=VM code, C=native code)
V  [libjvm.dylib+0x257ef2]  ConstantPoolCacheEntry::get_interesting_method_entry()+0x2c
V  [libjvm.dylib+0x2583f5]  ConstantPoolCache::adjust_method_entries(bool*)+0x29
V  [libjvm.dylib+0x501289]  VM_RedefineClasses::AdjustAndCleanMetadata::do_klass(Klass*)+0x1af
V  [libjvm.dylib+0x1e8fbd]  ClassLoaderData::classes_do(KlassClosure*)+0x1b
V  [libjvm.dylib+0x1ead45]  ClassLoaderDataGraph::classes_do(KlassClosure*)+0x6b
V  [libjvm.dylib+0x4fbebd]  VM_RedefineClasses::doit()+0xa9
V  [libjvm.dylib+0x77bc39]  VM_Operation::evaluate()+0xd5
V  [libjvm.dylib+0x7837a3]  VMThread::evaluate_operation(VM_Operation*)+0x123
V  [libjvm.dylib+0x7831c3]  VMThread::loop()+0x101
V  [libjvm.dylib+0x782fd8]  VMThread::run()+0x78
V  [libjvm.dylib+0x727f51]  Thread::call_run()+0x71
V  [libjvm.dylib+0x6206a5]  thread_native_entry(Thread*)+0x132
C  [libsystem_pthread.dylib+0x5d36]  _pthread_start+0x7d
C  [libsystem_pthread.dylib+0x258f]  thread_start+0xf


siginfo: si_signo: 11 (SIGSEGV), si_code: 1 (SEGV_MAPERR), si_addr: 0x000000002d000000

Register to memory mapping:

RAX=0x000000002d000000 is an unknown value
RBX=0x000000012e34a0d8 is pointing into metadata
RCX=0x0000000000000001 is an unknown value
RDX=0x0000000000000002 is an unknown value
RSP=0x00007000032a9920 points into unknown readable memory: f0 9d 34 2e 01 00 00 00
RBP=0x00007000032a9930 points into unknown readable memory: 70 99 2a 03 00 70 00 00
RSI=0x00007000032a9a4f points into unknown readable memory: 00
RDI=0x000000002d000000 is an unknown value
R8 =0x000000012e349df0 is pointing into metadata
R9 =0x00007fdcc2c0e4f0 points into unknown readable memory: f0 9d 34 2e 01 00 00 00
R10=0x00007fdcc2d0a1a8 points into unknown readable memory: 00 00 00 00 00 00 00 00
R11=0x000000010ec04201: _ZL18hsdis_library_name+0x30993 in /Library/Java/JavaVirtualMachines/jdk-13.0.2.jdk/Contents/Home/lib/server/libjvm.dylib at 0x000000010e400000
R12=0x0000000800b4ad40 is a pointer to class: 
findManhattanDist {0x0000000800b4ad40}
R13=0x0 is NULL
R14=0x00007000032a9a4f points into unknown readable memory: 00
R15=0x000000012e34a0b0 is pointing into metadata


Registers:
RAX=0x000000002d000000, RBX=0x000000012e34a0d8, RCX=0x0000000000000001, RDX=0x0000000000000002
RSP=0x00007000032a9920, RBP=0x00007000032a9930, RSI=0x00007000032a9a4f, RDI=0x000000002d000000
R8 =0x000000012e349df0, R9 =0x00007fdcc2c0e4f0, R10=0x00007fdcc2d0a1a8, R11=0x000000010ec04201
R12=0x0000000800b4ad40, R13=0x0000000000000000, R14=0x00007000032a9a4f, R15=0x000000012e34a0b0
RIP=0x000000010e657ef2, EFLAGS=0x0000000000010206, ERR=0x0000000000000004
  TRAPNO=0x000000000000000e

Top of Stack: (sp=0x00007000032a9920)
0x00007000032a9920:   000000012e349df0 000000012e34a0d8
0x00007000032a9930:   00007000032a9970 000000010e6583f5
0x00007000032a9940:   000000012e349df0 000000012e349f50
0x00007000032a9950:   0000000800b4ad40 0000000000000000
0x00007000032a9960:   00007000032a9a20 00007000032a9a38
0x00007000032a9970:   00007000032a9a70 000000010e901289
0x00007000032a9980:   0000000800b4ad40 0000000000000000
0x00007000032a9990:   0000000100000000 00007fdcc3000800
0x00007000032a99a0:   00007fdcc2c0e3a0 00007fdcc2c0e3e0
0x00007000032a99b0:   00007fdcc2c0e420 00007fdcc2c0e4c8
0x00007000032a99c0:   00000000000000d8 00007000032a9aa8
0x00007000032a99d0:   00000000032a99e0 00007fdcc2c0e370
0x00007000032a99e0:   0000000800b4ad40 00000005000001d8
0x00007000032a99f0:   00007fdcc2c0e370 00007fdcc2e277b0
0x00007000032a9a00:   00007fdcc2e27850 00007fdcc2e27b98
0x00007000032a9a10:   00000000000003d8 000000012e349df0
0x00007000032a9a20:   000000012e349df0 00007fdcc3000800
0x00007000032a9a30:   00007000032a9a60 000000012e349df0
0x00007000032a9a40:   00007fdcc3000800 00007fdcc2f229d0
0x00007000032a9a50:   0000000800b4ad40 0000000000000018
0x00007000032a9a60:   00007000032a9b68 00007000032a9aa0
0x00007000032a9a70:   00007000032a9a90 000000010e5e8fbd
0x00007000032a9a80:   00007000032a9b68 00007000032a9aa8
0x00007000032a9a90:   00007000032a9b20 000000010e5ead45
0x00007000032a9aa0:   00007fdcc2f21830 00007fdcc3000800
0x00007000032a9ab0:   00007fdcc2c0e3a0 00007fdcc2c0e3e0
0x00007000032a9ac0:   00007fdcc2c0e3f0 00007fdcc2c0e4c8
0x00007000032a9ad0:   00000000000000d8 00007000032a9b30
0x00007000032a9ae0:   00007fdcc2c0e418 00007fdcc3000800
0x00007000032a9af0:   000000010eda8c85 0000700003bc7a78
0x00007000032a9b00:   00007000032a9b20 0000000000000001
0x00007000032a9b10:   00007fdcc3000800 0000700003bc7a78 

Instructions: (pc=0x000000010e657ef2)
0x000000010e657df2:   03 62 00 48 8b 00 48 3b 45 f8 75 09 48 81 c4 d0
0x000000010e657e02:   00 00 00 5d c3 e8 e6 d2 54 00 55 48 89 e5 41 57
0x000000010e657e12:   41 56 41 54 53 49 89 ce 49 89 d7 49 89 f4 48 89
0x000000010e657e22:   fb 48 8b 43 18 a9 00 00 10 00 75 24 48 8b 7b 08
0x000000010e657e32:   48 8b 07 ff 50 10 84 c0 74 2c 48 8b 43 08 4c 39
0x000000010e657e42:   e0 75 2c 4c 89 7b 08 48 8d 3d 9d 67 57 00 eb 33
0x000000010e657e52:   48 8b 43 10 4c 39 e0 75 16 4c 89 7b 10 48 8d 3d
0x000000010e657e62:   76 67 57 00 eb 1d 48 8b 43 10 4c 39 e0 74 09 5b
0x000000010e657e72:   41 5c 41 5e 41 5f 5d c3 4c 89 7b 10 48 8d 3d 5e
0x000000010e657e82:   67 57 00 4c 89 e6 4c 89 fa 4c 89 f1 5b 41 5c 41
0x000000010e657e92:   5e 41 5f 5d e9 e4 fd ff ff 90 55 48 89 e5 e8 21
0x000000010e657ea2:   00 00 00 48 85 c0 74 13 8b 40 20 0f ba e0 10 72
0x000000010e657eb2:   0e a9 00 00 02 00 0f 94 c0 eb 06 b0 01 eb 02 31
0x000000010e657ec2:   c0 5d c3 90 55 48 89 e5 53 50 48 89 fb 48 8b 43
0x000000010e657ed2:   18 0f ba e0 1a 72 48 48 8b 43 18 a9 00 00 10 00
0x000000010e657ee2:   75 1e 48 8b 43 08 48 83 f8 00 74 33 48 8b 7b 08
0x000000010e657ef2:   48 8b 07 ff 50 10 84 c0 74 06 48 8b 5b 08 eb 04
0x000000010e657f02:   48 8b 5b 10 48 85 db 74 16 48 8b 03 48 89 df ff
0x000000010e657f12:   50 10 31 c9 84 c0 48 0f 45 cb 48 89 c8 eb 02 31
0x000000010e657f22:   c0 48 83 c4 08 5b 5d c3 55 48 89 e5 41 57 41 56
0x000000010e657f32:   53 50 41 89 d7 49 89 f6 48 89 fb 45 85 ff 75 11
0x000000010e657f42:   48 8d 35 bf 66 57 00 31 c0 4c 89 f7 e8 47 11 3d
0x000000010e657f52:   00 48 8d 35 cd 66 57 00 31 c0 4c 89 f7 44 89 fa
0x000000010e657f62:   48 89 d9 e8 94 10 3d 00 48 8b 13 c1 ea 18 48 8b
0x000000010e657f72:   03 c1 e8 10 0f b6 c8 48 8b 03 44 0f b7 c0 48 8d
0x000000010e657f82:   35 b2 66 57 00 31 c0 4c 89 f7 e8 09 11 3d 00 48
0x000000010e657f92:   8b 53 08 4c 8d 3d ad 66 57 00 31 c0 4c 89 f7 4c
0x000000010e657fa2:   89 fe e8 f1 10 3d 00 48 8b 53 10 31 c0 4c 89 f7
0x000000010e657fb2:   4c 89 fe e8 e0 10 3d 00 48 8b 53 18 31 c0 4c 89
0x000000010e657fc2:   f7 4c 89 fe e8 cf 10 3d 00 48 8d 35 36 66 57 00
0x000000010e657fd2:   31 c0 4c 89 f7 48 83 c4 08 5b 41 5e 41 5f 5d e9
0x000000010e657fe2:   b4 10 3d 00 55 48 89 e5 5d c3 55 48 89 e5 41 57 


Stack slot to memory mapping:
stack at sp + 0 slots: 0x000000012e349df0 is pointing into metadata
stack at sp + 1 slots: 0x000000012e34a0d8 is pointing into metadata
stack at sp + 2 slots: 0x00007000032a9970 points into unknown readable memory: 70 9a 2a 03 00 70 00 00
stack at sp + 3 slots: 0x000000010e6583f5: _ZN17ConstantPoolCache21adjust_method_entriesEPb+0x29 in /Library/Java/JavaVirtualMachines/jdk-13.0.2.jdk/Contents/Home/lib/server/libjvm.dylib at 0x000000010e400000
stack at sp + 4 slots: 0x000000012e349df0 is pointing into metadata
stack at sp + 5 slots: 0x000000012e349f50 is pointing into metadata
stack at sp + 6 slots: 0x0000000800b4ad40 is a pointer to class: 
findManhattanDist {0x0000000800b4ad40}
stack at sp + 7 slots: 0x0 is NULL

VM_Operation (0x0000700003bc7a78): RedefineClasses, mode: safepoint, requested by thread 0x00007fdcc4075800, redefining class findManhattanDist



---------------  P R O C E S S  ---------------

Threads class SMR info:
_java_thread_list=0x00007fdcc2f4fb30, length=12, elements={
0x00007fdcc3807000, 0x00007fdcc4003000, 0x00007fdcc400b800, 0x00007fdcc3016000,
0x00007fdcc3019000, 0x00007fdcc301a000, 0x00007fdcc400c800, 0x00007fdcc387e000,
0x00007fdcc4075800, 0x00007fdcc3883000, 0x00007fdcc484f000, 0x00007fdcc3883800
}

Java Threads: ( => current thread )
  0x00007fdcc3807000 JavaThread "main" [_thread_blocked, id=5635, stack(0x0000700002b98000,0x0000700002c98000)]
  0x00007fdcc4003000 JavaThread "Reference Handler" daemon [_thread_blocked, id=15619, stack(0x00007000032ad000,0x00007000033ad000)]
  0x00007fdcc400b800 JavaThread "Finalizer" daemon [_thread_blocked, id=19203, stack(0x00007000033b0000,0x00007000034b0000)]
  0x00007fdcc3016000 JavaThread "Signal Dispatcher" daemon [_thread_blocked, id=21763, stack(0x00007000035b9000,0x00007000036b9000)]
  0x00007fdcc3019000 JavaThread "C2 CompilerThread0" daemon [_thread_blocked, id=22019, stack(0x00007000036bc000,0x00007000037bc000)]
  0x00007fdcc301a000 JavaThread "C1 CompilerThread0" daemon [_thread_blocked, id=22531, stack(0x00007000037bf000,0x00007000038bf000)]
  0x00007fdcc400c800 JavaThread "Sweeper thread" daemon [_thread_blocked, id=23043, stack(0x00007000038c2000,0x00007000039c2000)]
  0x00007fdcc387e000 JavaThread "Common-Cleaner" daemon [_thread_blocked, id=23299, stack(0x00007000039c5000,0x0000700003ac5000)]
  0x00007fdcc4075800 JavaThread "JDWP Transport Listener: dt_socket" daemon [_thread_blocked, id=41731, stack(0x0000700003ac8000,0x0000700003bc8000)]
  0x00007fdcc3883000 JavaThread "JDWP Event Helper Thread" daemon [_thread_blocked, id=41219, stack(0x0000700003bcb000,0x0000700003ccb000)]
  0x00007fdcc484f000 JavaThread "JDWP Command Reader" daemon [_thread_in_native, id=40707, stack(0x0000700003cce000,0x0000700003dce000)]
  0x00007fdcc3883800 JavaThread "Service Thread" daemon [_thread_blocked, id=24579, stack(0x0000700003dd1000,0x0000700003ed1000)]

Other Threads:
=>0x00007fdcc3000800 VMThread "VM Thread" [stack: 0x00007000031aa000,0x00007000032aa000] [id=14851]
  0x00007fdcc3884800 WatcherThread [stack: 0x0000700003ed4000,0x0000700003fd4000] [id=39683]
  0x00007fdcc4820000 GCTaskThread "GC Thread#0" [stack: 0x0000700002c9b000,0x0000700002d9b000] [id=11779]
  0x00007fdcc380c000 ConcurrentGCThread "G1 Main Marker" [stack: 0x0000700002d9e000,0x0000700002e9e000] [id=20739]
  0x00007fdcc380d000 ConcurrentGCThread "G1 Conc#0" [stack: 0x0000700002ea1000,0x0000700002fa1000] [id=20227]
  0x00007fdcc484c800 ConcurrentGCThread "G1 Refine#0" [stack: 0x0000700002fa4000,0x00007000030a4000] [id=19971]
  0x00007fdcc3845800 ConcurrentGCThread "G1 Young RemSet Sampling" [stack: 0x00007000030a7000,0x00007000031a7000] [id=13059]

Threads with active compile tasks:
C1 CompilerThread0  1156502  409       3       org.eclipse.jdt.launching.internal.org.objectweb.asm.ByteVector::put122 (93 bytes)

VM state:at safepoint (normal execution)

VM Mutex/Monitor currently owned by a thread:  ([mutex/lock_event])
[0x00007fdcc2d09910] Threads_lock - owner thread: 0x00007fdcc3000800

Heap address: 0x0000000780000000, size: 2048 MB, Compressed Oops mode: Zero based, Oop shift amount: 3
Narrow klass base: 0x0000000800000000, Narrow klass shift: 3
Compressed class space size: 1073741824 Address: 0x0000000800ae0000

Heap:
 garbage-first heap   total 133120K, used 4856K [0x0000000780000000, 0x0000000800000000)
  region size 1024K, 5 young (5120K), 0 survivors (0K)
 Metaspace       used 2766K, capacity 4910K, committed 5120K, reserved 1056768K
  class space    used 266K, capacity 443K, committed 512K, reserved 1048576K
Heap Regions: E=young(eden), S=young(survivor), O=old, HS=humongous(starts), HC=humongous(continues), CS=collection set, F=free, A=archive, TAMS=top-at-mark-start (previous, next)
|   0|0x0000000780000000, 0x0000000780000000, 0x0000000780100000|  0%| F|  |TAMS 0x0000000780000000, 0x0000000780000000| Untracked 
|   1|0x0000000780100000, 0x0000000780100000, 0x0000000780200000|  0%| F|  |TAMS 0x0000000780100000, 0x0000000780100000| Untracked 
|   2|0x0000000780200000, 0x0000000780200000, 0x0000000780300000|  0%| F|  |TAMS 0x0000000780200000, 0x0000000780200000| Untracked 
|   3|0x0000000780300000, 0x0000000780300000, 0x0000000780400000|  0%| F|  |TAMS 0x0000000780300000, 0x0000000780300000| Untracked 
|   4|0x0000000780400000, 0x0000000780400000, 0x0000000780500000|  0%| F|  |TAMS 0x0000000780400000, 0x0000000780400000| Untracked 
|   5|0x0000000780500000, 0x0000000780500000, 0x0000000780600000|  0%| F|  |TAMS 0x0000000780500000, 0x0000000780500000| Untracked 
|   6|0x0000000780600000, 0x0000000780600000, 0x0000000780700000|  0%| F|  |TAMS 0x0000000780600000, 0x0000000780600000| Untracked 
|   7|0x0000000780700000, 0x0000000780700000, 0x0000000780800000|  0%| F|  |TAMS 0x0000000780700000, 0x0000000780700000| Untracked 
|   8|0x0000000780800000, 0x0000000780800000, 0x0000000780900000|  0%| F|  |TAMS 0x0000000780800000, 0x0000000780800000| Untracked 
|   9|0x0000000780900000, 0x0000000780900000, 0x0000000780a00000|  0%| F|  |TAMS 0x0000000780900000, 0x0000000780900000| Untracked 
|  10|0x0000000780a00000, 0x0000000780a00000, 0x0000000780b00000|  0%| F|  |TAMS 0x0000000780a00000, 0x0000000780a00000| Untracked 
|  11|0x0000000780b00000, 0x0000000780b00000, 0x0000000780c00000|  0%| F|  |TAMS 0x0000000780b00000, 0x0000000780b00000| Untracked 
|  12|0x0000000780c00000, 0x0000000780c00000, 0x0000000780d00000|  0%| F|  |TAMS 0x0000000780c00000, 0x0000000780c00000| Untracked 
|  13|0x0000000780d00000, 0x0000000780d00000, 0x0000000780e00000|  0%| F|  |TAMS 0x0000000780d00000, 0x0000000780d00000| Untracked 
|  14|0x0000000780e00000, 0x0000000780e00000, 0x0000000780f00000|  0%| F|  |TAMS 0x0000000780e00000, 0x0000000780e00000| Untracked 
|  15|0x0000000780f00000, 0x0000000780f00000, 0x0000000781000000|  0%| F|  |TAMS 0x0000000780f00000, 0x0000000780f00000| Untracked 
|  16|0x0000000781000000, 0x0000000781000000, 0x0000000781100000|  0%| F|  |TAMS 0x0000000781000000, 0x0000000781000000| Untracked 
|  17|0x0000000781100000, 0x0000000781100000, 0x0000000781200000|  0%| F|  |TAMS 0x0000000781100000, 0x0000000781100000| Untracked 
|  18|0x0000000781200000, 0x0000000781200000, 0x0000000781300000|  0%| F|  |TAMS 0x0000000781200000, 0x0000000781200000| Untracked 
|  19|0x0000000781300000, 0x0000000781300000, 0x0000000781400000|  0%| F|  |TAMS 0x0000000781300000, 0x0000000781300000| Untracked 
|  20|0x0000000781400000, 0x0000000781400000, 0x0000000781500000|  0%| F|  |TAMS 0x0000000781400000, 0x0000000781400000| Untracked 
|  21|0x0000000781500000, 0x0000000781500000, 0x0000000781600000|  0%| F|  |TAMS 0x0000000781500000, 0x0000000781500000| Untracked 
|  22|0x0000000781600000, 0x0000000781600000, 0x0000000781700000|  0%| F|  |TAMS 0x0000000781600000, 0x0000000781600000| Untracked 
|  23|0x0000000781700000, 0x0000000781700000, 0x0000000781800000|  0%| F|  |TAMS 0x0000000781700000, 0x0000000781700000| Untracked 
|  24|0x0000000781800000, 0x0000000781800000, 0x0000000781900000|  0%| F|  |TAMS 0x0000000781800000, 0x0000000781800000| Untracked 
|  25|0x0000000781900000, 0x0000000781900000, 0x0000000781a00000|  0%| F|  |TAMS 0x0000000781900000, 0x0000000781900000| Untracked 
|  26|0x0000000781a00000, 0x0000000781a00000, 0x0000000781b00000|  0%| F|  |TAMS 0x0000000781a00000, 0x0000000781a00000| Untracked 
|  27|0x0000000781b00000, 0x0000000781b00000, 0x0000000781c00000|  0%| F|  |TAMS 0x0000000781b00000, 0x0000000781b00000| Untracked 
|  28|0x0000000781c00000, 0x0000000781c00000, 0x0000000781d00000|  0%| F|  |TAMS 0x0000000781c00000, 0x0000000781c00000| Untracked 
|  29|0x0000000781d00000, 0x0000000781d00000, 0x0000000781e00000|  0%| F|  |TAMS 0x0000000781d00000, 0x0000000781d00000| Untracked 
|  30|0x0000000781e00000, 0x0000000781e00000, 0x0000000781f00000|  0%| F|  |TAMS 0x0000000781e00000, 0x0000000781e00000| Untracked 
|  31|0x0000000781f00000, 0x0000000781f00000, 0x0000000782000000|  0%| F|  |TAMS 0x0000000781f00000, 0x0000000781f00000| Untracked 
|  32|0x0000000782000000, 0x0000000782000000, 0x0000000782100000|  0%| F|  |TAMS 0x0000000782000000, 0x0000000782000000| Untracked 
|  33|0x0000000782100000, 0x0000000782100000, 0x0000000782200000|  0%| F|  |TAMS 0x0000000782100000, 0x0000000782100000| Untracked 
|  34|0x0000000782200000, 0x0000000782200000, 0x0000000782300000|  0%| F|  |TAMS 0x0000000782200000, 0x0000000782200000| Untracked 
|  35|0x0000000782300000, 0x0000000782300000, 0x0000000782400000|  0%| F|  |TAMS 0x0000000782300000, 0x0000000782300000| Untracked 
|  36|0x0000000782400000, 0x0000000782400000, 0x0000000782500000|  0%| F|  |TAMS 0x0000000782400000, 0x0000000782400000| Untracked 
|  37|0x0000000782500000, 0x0000000782500000, 0x0000000782600000|  0%| F|  |TAMS 0x0000000782500000, 0x0000000782500000| Untracked 
|  38|0x0000000782600000, 0x0000000782600000, 0x0000000782700000|  0%| F|  |TAMS 0x0000000782600000, 0x0000000782600000| Untracked 
|  39|0x0000000782700000, 0x0000000782700000, 0x0000000782800000|  0%| F|  |TAMS 0x0000000782700000, 0x0000000782700000| Untracked 
|  40|0x0000000782800000, 0x0000000782800000, 0x0000000782900000|  0%| F|  |TAMS 0x0000000782800000, 0x0000000782800000| Untracked 
|  41|0x0000000782900000, 0x0000000782900000, 0x0000000782a00000|  0%| F|  |TAMS 0x0000000782900000, 0x0000000782900000| Untracked 
|  42|0x0000000782a00000, 0x0000000782a00000, 0x0000000782b00000|  0%| F|  |TAMS 0x0000000782a00000, 0x0000000782a00000| Untracked 
|  43|0x0000000782b00000, 0x0000000782b00000, 0x0000000782c00000|  0%| F|  |TAMS 0x0000000782b00000, 0x0000000782b00000| Untracked 
|  44|0x0000000782c00000, 0x0000000782c00000, 0x0000000782d00000|  0%| F|  |TAMS 0x0000000782c00000, 0x0000000782c00000| Untracked 
|  45|0x0000000782d00000, 0x0000000782d00000, 0x0000000782e00000|  0%| F|  |TAMS 0x0000000782d00000, 0x0000000782d00000| Untracked 
|  46|0x0000000782e00000, 0x0000000782e00000, 0x0000000782f00000|  0%| F|  |TAMS 0x0000000782e00000, 0x0000000782e00000| Untracked 
|  47|0x0000000782f00000, 0x0000000782f00000, 0x0000000783000000|  0%| F|  |TAMS 0x0000000782f00000, 0x0000000782f00000| Untracked 
|  48|0x0000000783000000, 0x0000000783000000, 0x0000000783100000|  0%| F|  |TAMS 0x0000000783000000, 0x0000000783000000| Untracked 
|  49|0x0000000783100000, 0x0000000783100000, 0x0000000783200000|  0%| F|  |TAMS 0x0000000783100000, 0x0000000783100000| Untracked 
|  50|0x0000000783200000, 0x0000000783200000, 0x0000000783300000|  0%| F|  |TAMS 0x0000000783200000, 0x0000000783200000| Untracked 
|  51|0x0000000783300000, 0x0000000783300000, 0x0000000783400000|  0%| F|  |TAMS 0x0000000783300000, 0x0000000783300000| Untracked 
|  52|0x0000000783400000, 0x0000000783400000, 0x0000000783500000|  0%| F|  |TAMS 0x0000000783400000, 0x0000000783400000| Untracked 
|  53|0x0000000783500000, 0x0000000783500000, 0x0000000783600000|  0%| F|  |TAMS 0x0000000783500000, 0x0000000783500000| Untracked 
|  54|0x0000000783600000, 0x0000000783600000, 0x0000000783700000|  0%| F|  |TAMS 0x0000000783600000, 0x0000000783600000| Untracked 
|  55|0x0000000783700000, 0x0000000783700000, 0x0000000783800000|  0%| F|  |TAMS 0x0000000783700000, 0x0000000783700000| Untracked 
|  56|0x0000000783800000, 0x0000000783800000, 0x0000000783900000|  0%| F|  |TAMS 0x0000000783800000, 0x0000000783800000| Untracked 
|  57|0x0000000783900000, 0x0000000783900000, 0x0000000783a00000|  0%| F|  |TAMS 0x0000000783900000, 0x0000000783900000| Untracked 
|  58|0x0000000783a00000, 0x0000000783a00000, 0x0000000783b00000|  0%| F|  |TAMS 0x0000000783a00000, 0x0000000783a00000| Untracked 
|  59|0x0000000783b00000, 0x0000000783b00000, 0x0000000783c00000|  0%| F|  |TAMS 0x0000000783b00000, 0x0000000783b00000| Untracked 
|  60|0x0000000783c00000, 0x0000000783c00000, 0x0000000783d00000|  0%| F|  |TAMS 0x0000000783c00000, 0x0000000783c00000| Untracked 
|  61|0x0000000783d00000, 0x0000000783d00000, 0x0000000783e00000|  0%| F|  |TAMS 0x0000000783d00000, 0x0000000783d00000| Untracked 
|  62|0x0000000783e00000, 0x0000000783e00000, 0x0000000783f00000|  0%| F|  |TAMS 0x0000000783e00000, 0x0000000783e00000| Untracked 
|  63|0x0000000783f00000, 0x0000000783f00000, 0x0000000784000000|  0%| F|  |TAMS 0x0000000783f00000, 0x0000000783f00000| Untracked 
|  64|0x0000000784000000, 0x0000000784000000, 0x0000000784100000|  0%| F|  |TAMS 0x0000000784000000, 0x0000000784000000| Untracked 
|  65|0x0000000784100000, 0x0000000784100000, 0x0000000784200000|  0%| F|  |TAMS 0x0000000784100000, 0x0000000784100000| Untracked 
|  66|0x0000000784200000, 0x0000000784200000, 0x0000000784300000|  0%| F|  |TAMS 0x0000000784200000, 0x0000000784200000| Untracked 
|  67|0x0000000784300000, 0x0000000784300000, 0x0000000784400000|  0%| F|  |TAMS 0x0000000784300000, 0x0000000784300000| Untracked 
|  68|0x0000000784400000, 0x0000000784400000, 0x0000000784500000|  0%| F|  |TAMS 0x0000000784400000, 0x0000000784400000| Untracked 
|  69|0x0000000784500000, 0x0000000784500000, 0x0000000784600000|  0%| F|  |TAMS 0x0000000784500000, 0x0000000784500000| Untracked 
|  70|0x0000000784600000, 0x0000000784600000, 0x0000000784700000|  0%| F|  |TAMS 0x0000000784600000, 0x0000000784600000| Untracked 
|  71|0x0000000784700000, 0x0000000784700000, 0x0000000784800000|  0%| F|  |TAMS 0x0000000784700000, 0x0000000784700000| Untracked 
|  72|0x0000000784800000, 0x0000000784800000, 0x0000000784900000|  0%| F|  |TAMS 0x0000000784800000, 0x0000000784800000| Untracked 
|  73|0x0000000784900000, 0x0000000784900000, 0x0000000784a00000|  0%| F|  |TAMS 0x0000000784900000, 0x0000000784900000| Untracked 
|  74|0x0000000784a00000, 0x0000000784a00000, 0x0000000784b00000|  0%| F|  |TAMS 0x0000000784a00000, 0x0000000784a00000| Untracked 
|  75|0x0000000784b00000, 0x0000000784b00000, 0x0000000784c00000|  0%| F|  |TAMS 0x0000000784b00000, 0x0000000784b00000| Untracked 
|  76|0x0000000784c00000, 0x0000000784c00000, 0x0000000784d00000|  0%| F|  |TAMS 0x0000000784c00000, 0x0000000784c00000| Untracked 
|  77|0x0000000784d00000, 0x0000000784d00000, 0x0000000784e00000|  0%| F|  |TAMS 0x0000000784d00000, 0x0000000784d00000| Untracked 
|  78|0x0000000784e00000, 0x0000000784e00000, 0x0000000784f00000|  0%| F|  |TAMS 0x0000000784e00000, 0x0000000784e00000| Untracked 
|  79|0x0000000784f00000, 0x0000000784f00000, 0x0000000785000000|  0%| F|  |TAMS 0x0000000784f00000, 0x0000000784f00000| Untracked 
|  80|0x0000000785000000, 0x0000000785000000, 0x0000000785100000|  0%| F|  |TAMS 0x0000000785000000, 0x0000000785000000| Untracked 
|  81|0x0000000785100000, 0x0000000785100000, 0x0000000785200000|  0%| F|  |TAMS 0x0000000785100000, 0x0000000785100000| Untracked 
|  82|0x0000000785200000, 0x0000000785200000, 0x0000000785300000|  0%| F|  |TAMS 0x0000000785200000, 0x0000000785200000| Untracked 
|  83|0x0000000785300000, 0x0000000785300000, 0x0000000785400000|  0%| F|  |TAMS 0x0000000785300000, 0x0000000785300000| Untracked 
|  84|0x0000000785400000, 0x0000000785400000, 0x0000000785500000|  0%| F|  |TAMS 0x0000000785400000, 0x0000000785400000| Untracked 
|  85|0x0000000785500000, 0x0000000785500000, 0x0000000785600000|  0%| F|  |TAMS 0x0000000785500000, 0x0000000785500000| Untracked 
|  86|0x0000000785600000, 0x0000000785600000, 0x0000000785700000|  0%| F|  |TAMS 0x0000000785600000, 0x0000000785600000| Untracked 
|  87|0x0000000785700000, 0x0000000785700000, 0x0000000785800000|  0%| F|  |TAMS 0x0000000785700000, 0x0000000785700000| Untracked 
|  88|0x0000000785800000, 0x0000000785800000, 0x0000000785900000|  0%| F|  |TAMS 0x0000000785800000, 0x0000000785800000| Untracked 
|  89|0x0000000785900000, 0x0000000785900000, 0x0000000785a00000|  0%| F|  |TAMS 0x0000000785900000, 0x0000000785900000| Untracked 
|  90|0x0000000785a00000, 0x0000000785a00000, 0x0000000785b00000|  0%| F|  |TAMS 0x0000000785a00000, 0x0000000785a00000| Untracked 
|  91|0x0000000785b00000, 0x0000000785b00000, 0x0000000785c00000|  0%| F|  |TAMS 0x0000000785b00000, 0x0000000785b00000| Untracked 
|  92|0x0000000785c00000, 0x0000000785c00000, 0x0000000785d00000|  0%| F|  |TAMS 0x0000000785c00000, 0x0000000785c00000| Untracked 
|  93|0x0000000785d00000, 0x0000000785d00000, 0x0000000785e00000|  0%| F|  |TAMS 0x0000000785d00000, 0x0000000785d00000| Untracked 
|  94|0x0000000785e00000, 0x0000000785e00000, 0x0000000785f00000|  0%| F|  |TAMS 0x0000000785e00000, 0x0000000785e00000| Untracked 
|  95|0x0000000785f00000, 0x0000000785f00000, 0x0000000786000000|  0%| F|  |TAMS 0x0000000785f00000, 0x0000000785f00000| Untracked 
|  96|0x0000000786000000, 0x0000000786000000, 0x0000000786100000|  0%| F|  |TAMS 0x0000000786000000, 0x0000000786000000| Untracked 
|  97|0x0000000786100000, 0x0000000786100000, 0x0000000786200000|  0%| F|  |TAMS 0x0000000786100000, 0x0000000786100000| Untracked 
|  98|0x0000000786200000, 0x0000000786200000, 0x0000000786300000|  0%| F|  |TAMS 0x0000000786200000, 0x0000000786200000| Untracked 
|  99|0x0000000786300000, 0x0000000786300000, 0x0000000786400000|  0%| F|  |TAMS 0x0000000786300000, 0x0000000786300000| Untracked 
| 100|0x0000000786400000, 0x0000000786400000, 0x0000000786500000|  0%| F|  |TAMS 0x0000000786400000, 0x0000000786400000| Untracked 
| 101|0x0000000786500000, 0x0000000786500000, 0x0000000786600000|  0%| F|  |TAMS 0x0000000786500000, 0x0000000786500000| Untracked 
| 102|0x0000000786600000, 0x0000000786600000, 0x0000000786700000|  0%| F|  |TAMS 0x0000000786600000, 0x0000000786600000| Untracked 
| 103|0x0000000786700000, 0x0000000786700000, 0x0000000786800000|  0%| F|  |TAMS 0x0000000786700000, 0x0000000786700000| Untracked 
| 104|0x0000000786800000, 0x0000000786800000, 0x0000000786900000|  0%| F|  |TAMS 0x0000000786800000, 0x0000000786800000| Untracked 
| 105|0x0000000786900000, 0x0000000786900000, 0x0000000786a00000|  0%| F|  |TAMS 0x0000000786900000, 0x0000000786900000| Untracked 
| 106|0x0000000786a00000, 0x0000000786a00000, 0x0000000786b00000|  0%| F|  |TAMS 0x0000000786a00000, 0x0000000786a00000| Untracked 
| 107|0x0000000786b00000, 0x0000000786b00000, 0x0000000786c00000|  0%| F|  |TAMS 0x0000000786b00000, 0x0000000786b00000| Untracked 
| 108|0x0000000786c00000, 0x0000000786c00000, 0x0000000786d00000|  0%| F|  |TAMS 0x0000000786c00000, 0x0000000786c00000| Untracked 
| 109|0x0000000786d00000, 0x0000000786d00000, 0x0000000786e00000|  0%| F|  |TAMS 0x0000000786d00000, 0x0000000786d00000| Untracked 
| 110|0x0000000786e00000, 0x0000000786e00000, 0x0000000786f00000|  0%| F|  |TAMS 0x0000000786e00000, 0x0000000786e00000| Untracked 
| 111|0x0000000786f00000, 0x0000000786f00000, 0x0000000787000000|  0%| F|  |TAMS 0x0000000786f00000, 0x0000000786f00000| Untracked 
| 112|0x0000000787000000, 0x0000000787000000, 0x0000000787100000|  0%| F|  |TAMS 0x0000000787000000, 0x0000000787000000| Untracked 
| 113|0x0000000787100000, 0x0000000787100000, 0x0000000787200000|  0%| F|  |TAMS 0x0000000787100000, 0x0000000787100000| Untracked 
| 114|0x0000000787200000, 0x0000000787200000, 0x0000000787300000|  0%| F|  |TAMS 0x0000000787200000, 0x0000000787200000| Untracked 
| 115|0x0000000787300000, 0x0000000787300000, 0x0000000787400000|  0%| F|  |TAMS 0x0000000787300000, 0x0000000787300000| Untracked 
| 116|0x0000000787400000, 0x0000000787400000, 0x0000000787500000|  0%| F|  |TAMS 0x0000000787400000, 0x0000000787400000| Untracked 
| 117|0x0000000787500000, 0x0000000787500000, 0x0000000787600000|  0%| F|  |TAMS 0x0000000787500000, 0x0000000787500000| Untracked 
| 118|0x0000000787600000, 0x0000000787600000, 0x0000000787700000|  0%| F|  |TAMS 0x0000000787600000, 0x0000000787600000| Untracked 
| 119|0x0000000787700000, 0x0000000787700000, 0x0000000787800000|  0%| F|  |TAMS 0x0000000787700000, 0x0000000787700000| Untracked 
| 120|0x0000000787800000, 0x0000000787800000, 0x0000000787900000|  0%| F|  |TAMS 0x0000000787800000, 0x0000000787800000| Untracked 
| 121|0x0000000787900000, 0x0000000787900000, 0x0000000787a00000|  0%| F|  |TAMS 0x0000000787900000, 0x0000000787900000| Untracked 
| 122|0x0000000787a00000, 0x0000000787a00000, 0x0000000787b00000|  0%| F|  |TAMS 0x0000000787a00000, 0x0000000787a00000| Untracked 
| 123|0x0000000787b00000, 0x0000000787b481a0, 0x0000000787c00000| 28%| E|  |TAMS 0x0000000787b00000, 0x0000000787b00000| Complete 
| 124|0x0000000787c00000, 0x0000000787d00000, 0x0000000787d00000|100%| E|CS|TAMS 0x0000000787c00000, 0x0000000787c00000| Complete 
| 125|0x0000000787d00000, 0x0000000787e00000, 0x0000000787e00000|100%| E|CS|TAMS 0x0000000787d00000, 0x0000000787d00000| Complete 
| 126|0x0000000787e00000, 0x0000000787f00000, 0x0000000787f00000|100%| E|CS|TAMS 0x0000000787e00000, 0x0000000787e00000| Complete 
| 127|0x0000000787f00000, 0x0000000788000000, 0x0000000788000000|100%| E|CS|TAMS 0x0000000787f00000, 0x0000000787f00000| Complete 
|1022|0x00000007bfe00000, 0x00000007bfe47000, 0x00000007bff00000| 27%|OA|  |TAMS 0x00000007bfe00000, 0x00000007bfe00000| Untracked 
|1023|0x00000007bff00000, 0x00000007bff77000, 0x00000007c0000000| 46%|CA|  |TAMS 0x00000007bff00000, 0x00000007bff00000| Untracked 

Card table byte_map: [0x0000000127299000,0x0000000127699000] _byte_map_base: 0x0000000123699000

Marking Bits (Prev, Next): (CMBitMap*) 0x00007fdcc3807818, (CMBitMap*) 0x00007fdcc3807858
 Prev Bits: [0x0000000127a99000, 0x0000000129a99000)
 Next Bits: [0x0000000129a99000, 0x000000012ba99000)

Polling page: 0x000000010f1e2000

Metaspace:

Usage:
  Non-class:      4.36 MB capacity,     2.44 MB ( 56%) used,     1.92 MB ( 44%) free+waste,     2.81 KB ( <1%) overhead. 
      Class:    443.00 KB capacity,   266.80 KB ( 60%) used,   174.63 KB ( 39%) free+waste,     1.56 KB ( <1%) overhead. 
       Both:      4.79 MB capacity,     2.70 MB ( 56%) used,     2.09 MB ( 44%) free+waste,     4.38 KB ( <1%) overhead. 

Virtual space:
  Non-class space:        8.00 MB reserved,       4.50 MB ( 56%) committed 
      Class space:        1.00 GB reserved,     512.00 KB ( <1%) committed 
             Both:        1.01 GB reserved,       5.00 MB ( <1%) committed 

Chunk freelists:
   Non-Class:  21.00 KB
       Class:  5.00 KB
        Both:  26.00 KB

MaxMetaspaceSize: unlimited
CompressedClassSpaceSize: 1.00 GB

CodeHeap 'non-profiled nmethods': size=120032Kb used=126Kb max_used=126Kb free=119905Kb
 bounds [0x000000011f466000, 0x000000011f6d6000, 0x000000012699e000]
CodeHeap 'profiled nmethods': size=120028Kb used=592Kb max_used=592Kb free=119435Kb
 bounds [0x0000000117f2f000, 0x000000011819f000, 0x000000011f466000]
CodeHeap 'non-nmethods': size=5700Kb used=1185Kb max_used=1201Kb free=4514Kb
 bounds [0x000000011799e000, 0x0000000117c0e000, 0x0000000117f2f000]
 total_blobs=881 nmethods=408 adapters=273
 compilation: enabled
              stopped_count=0, restarted_count=0
 full_count=0

Compilation events (20 events):
Event: 652.886 Thread 0x00007fdcc301a000 nmethod 398 0x0000000117fbdc10 code [0x0000000117fbde00, 0x0000000117fbe3e8]
Event: 652.886 Thread 0x00007fdcc301a000  399       3       org.eclipse.jdt.launching.internal.org.objectweb.asm.Label::addLineNumber (89 bytes)
Event: 652.887 Thread 0x00007fdcc301a000 nmethod 399 0x0000000117fbe590 code [0x0000000117fbe760, 0x0000000117fbed08]
Event: 671.290 Thread 0x00007fdcc3019000  404       4       org.eclipse.jdt.launching.internal.org.objectweb.asm.SymbolTable::get (13 bytes)
Event: 671.290 Thread 0x00007fdcc301a000  403       3       org.eclipse.jdt.launching.internal.org.objectweb.asm.MethodWriter::visitLabel (328 bytes)
Event: 671.291 Thread 0x00007fdcc301a000 nmethod 403 0x0000000117fbee90 code [0x0000000117fbf100, 0x0000000117fc0078]
Event: 671.291 Thread 0x00007fdcc301a000  401       3       org.eclipse.jdt.launching.internal.org.objectweb.asm.ClassReader::readClass (7 bytes)
Event: 671.291 Thread 0x00007fdcc301a000 nmethod 401 0x0000000117fc0410 code [0x0000000117fc0600, 0x0000000117fc0b08]
Event: 671.291 Thread 0x00007fdcc301a000  402       3       org.eclipse.jdt.launching.internal.org.objectweb.asm.ClassReader::readStringish (16 bytes)
Event: 671.292 Thread 0x00007fdcc301a000 nmethod 402 0x0000000117fc0d90 code [0x0000000117fc0f60, 0x0000000117fc1408]
Event: 671.293 Thread 0x00007fdcc3019000 nmethod 404 0x000000011f485110 code [0x000000011f4852a0, 0x000000011f4853d8]
Event: 1146.998 Thread 0x00007fdcc301a000  405       3       org.eclipse.jdt.launching.internal.org.objectweb.asm.SymbolTable::addConstantUtf8Reference (101 bytes)
Event: 1147.001 Thread 0x00007fdcc301a000 nmethod 405 0x0000000117fc1690 code [0x0000000117fc18c0, 0x0000000117fc1fd8]
Event: 1147.001 Thread 0x00007fdcc301a000  407       3       org.eclipse.jdt.launching.internal.org.objectweb.asm.ByteVector::put12 (64 bytes)
Event: 1147.001 Thread 0x00007fdcc301a000 nmethod 407 0x0000000117fc2390 code [0x0000000117fc2540, 0x0000000117fc2808]
Event: 1147.001 Thread 0x00007fdcc301a000  408       3       org.eclipse.jdt.launching.internal.org.objectweb.asm.MethodWriter::visitLineNumber (50 bytes)
Event: 1147.001 Thread 0x00007fdcc301a000 nmethod 408 0x0000000117fc2990 code [0x0000000117fc2b60, 0x0000000117fc30b8]
Event: 1147.001 Thread 0x00007fdcc301a000  406       1       java.lang.Integer::intValue (5 bytes)
Event: 1147.001 Thread 0x00007fdcc301a000 nmethod 406 0x000000011f485510 code [0x000000011f4856a0, 0x000000011f4857d0]
Event: 1156.484 Thread 0x00007fdcc301a000  409       3       org.eclipse.jdt.launching.internal.org.objectweb.asm.ByteVector::put122 (93 bytes)

GC Heap History (0 events):
No events

Deoptimization events (20 events):
Event: 0.377 Thread 0x00007fdcc3807000 DEOPT PACKING pc=0x0000000117f9e856 sp=0x0000700002c948b0
Event: 0.377 Thread 0x00007fdcc3807000 DEOPT UNPACKING pc=0x00000001179e733a sp=0x0000700002c93d98 mode 0
Event: 0.377 Thread 0x00007fdcc3807000 DEOPT PACKING pc=0x0000000117f9e856 sp=0x0000700002c948b0
Event: 0.377 Thread 0x00007fdcc3807000 DEOPT UNPACKING pc=0x00000001179e733a sp=0x0000700002c93d98 mode 0
Event: 0.377 Thread 0x00007fdcc3807000 DEOPT PACKING pc=0x0000000117f9e856 sp=0x0000700002c948b0
Event: 0.377 Thread 0x00007fdcc3807000 DEOPT UNPACKING pc=0x00000001179e733a sp=0x0000700002c93d98 mode 0
Event: 0.382 Thread 0x00007fdcc3807000 DEOPT PACKING pc=0x0000000117f9e856 sp=0x0000700002c94910
Event: 0.382 Thread 0x00007fdcc3807000 DEOPT UNPACKING pc=0x00000001179e733a sp=0x0000700002c93df8 mode 0
Event: 0.387 Thread 0x00007fdcc3807000 DEOPT PACKING pc=0x0000000117f9e856 sp=0x0000700002c936c0
Event: 0.387 Thread 0x00007fdcc3807000 DEOPT UNPACKING pc=0x00000001179e733a sp=0x0000700002c92ba8 mode 0
Event: 0.387 Thread 0x00007fdcc3807000 DEOPT PACKING pc=0x0000000117f9e856 sp=0x0000700002c936c0
Event: 0.387 Thread 0x00007fdcc3807000 DEOPT UNPACKING pc=0x00000001179e733a sp=0x0000700002c92ba8 mode 0
Event: 0.390 Thread 0x00007fdcc3807000 DEOPT PACKING pc=0x0000000117f9ea8b sp=0x0000700002c94510
Event: 0.390 Thread 0x00007fdcc3807000 DEOPT UNPACKING pc=0x00000001179e733a sp=0x0000700002c939f8 mode 0
Event: 0.390 Thread 0x00007fdcc3807000 DEOPT PACKING pc=0x0000000117f9ea8b sp=0x0000700002c94510
Event: 0.390 Thread 0x00007fdcc3807000 DEOPT UNPACKING pc=0x00000001179e733a sp=0x0000700002c939f8 mode 0
Event: 339.406 Thread 0x00007fdcc4075800 Uncommon trap: trap_request=0xffffff45 fr.pc=0x000000011f46f3d0 relative=0x0000000000000230
Event: 339.406 Thread 0x00007fdcc4075800 Uncommon trap: reason=unstable_if action=reinterpret pc=0x000000011f46f3d0 method=java.lang.String.hashCode()I @ 42 c2
Event: 339.406 Thread 0x00007fdcc4075800 DEOPT PACKING pc=0x000000011f46f3d0 sp=0x0000700003bc6290
Event: 339.406 Thread 0x00007fdcc4075800 DEOPT UNPACKING pc=0x00000001179e6e25 sp=0x0000700003bc6248 mode 2

Classes unloaded (0 events):
No events

Classes redefined (17 events):
Event: 18.073 Thread 0x00007fdcc3000800 redefined class name=findManhattanDist, count=1
Event: 35.864 Thread 0x00007fdcc3000800 redefined class name=findManhattanDist, count=2
Event: 339.407 Thread 0x00007fdcc3000800 redefined class name=findManhattanDist, count=3
Event: 368.028 Thread 0x00007fdcc3000800 redefined class name=findManhattanDist, count=4
Event: 427.012 Thread 0x00007fdcc3000800 redefined class name=findManhattanDist, count=5
Event: 445.018 Thread 0x00007fdcc3000800 redefined class name=findManhattanDist, count=6
Event: 448.896 Thread 0x00007fdcc3000800 redefined class name=findManhattanDist, count=7
Event: 469.850 Thread 0x00007fdcc3000800 redefined class name=findManhattanDist, count=8
Event: 503.240 Thread 0x00007fdcc3000800 redefined class name=findManhattanDist, count=9
Event: 573.340 Thread 0x00007fdcc3000800 redefined class name=findManhattanDist, count=10
Event: 592.463 Thread 0x00007fdcc3000800 redefined class name=findManhattanDist, count=11
Event: 652.891 Thread 0x00007fdcc3000800 redefined class name=findManhattanDist, count=12
Event: 671.296 Thread 0x00007fdcc3000800 redefined class name=findManhattanDist, count=13
Event: 1104.405 Thread 0x00007fdcc3000800 redefined class name=findManhattanDist, count=14
Event: 1136.629 Thread 0x00007fdcc3000800 redefined class name=findManhattanDist, count=15
Event: 1146.999 Thread 0x00007fdcc3000800 redefined class name=findManhattanDist, count=16
Event: 1156.485 Thread 0x00007fdcc3000800 redefined class name=findManhattanDist, count=17

Internal exceptions (0 events):
No events

Events (20 events):
Event: 1147.008 Executing VM operation: GetFrameCount done
Event: 1147.008 Executing VM operation: GetStackTrace
Event: 1147.008 Executing VM operation: GetStackTrace done
Event: 1147.231 Executing VM operation: GetCurrentContendedMonitor
Event: 1147.231 Executing VM operation: GetCurrentContendedMonitor done
Event: 1147.231 Executing VM operation: GetOwnedMonitorInfo
Event: 1147.231 Executing VM operation: GetOwnedMonitorInfo done
Event: 1147.502 Executing VM operation: GetFrameCount
Event: 1147.502 Executing VM operation: GetFrameCount done
Event: 1147.503 Executing VM operation: GetOwnedMonitorInfo
Event: 1147.503 Executing VM operation: GetOwnedMonitorInfo done
Event: 1147.503 Executing VM operation: GetCurrentContendedMonitor
Event: 1147.503 Executing VM operation: GetCurrentContendedMonitor done
Event: 1147.545 Executing VM operation: GetCurrentContendedMonitor
Event: 1147.546 Executing VM operation: GetCurrentContendedMonitor done
Event: 1147.546 Executing VM operation: GetOwnedMonitorInfo
Event: 1147.546 Executing VM operation: GetOwnedMonitorInfo done
Event: 1156.334 Executing VM operation: ChangeBreakpoints
Event: 1156.334 Executing VM operation: ChangeBreakpoints done
Event: 1156.484 Executing VM operation: RedefineClasses


Dynamic libraries:
0x00007fff6f50b000 	/usr/lib/libz.1.dylib
0x000000010dba6000 	/Library/Java/JavaVirtualMachines/jdk-13.0.2.jdk/Contents/Home/lib/libjli.dylib
0x00007fff37d2b000 	/System/Library/Frameworks/Cocoa.framework/Versions/A/Cocoa
0x00007fff452df000 	/System/Library/Frameworks/Security.framework/Versions/A/Security
0x00007fff36ccb000 	/System/Library/Frameworks/ApplicationServices.framework/Versions/A/ApplicationServices
0x00007fff6cff3000 	/usr/lib/libSystem.B.dylib
0x00007fff6ff83000 	/usr/lib/system/libcache.dylib
0x00007fff6ff89000 	/usr/lib/system/libcommonCrypto.dylib
0x00007fff6ff95000 	/usr/lib/system/libcompiler_rt.dylib
0x00007fff6ff9d000 	/usr/lib/system/libcopyfile.dylib
0x00007fff6ffa7000 	/usr/lib/system/libcorecrypto.dylib
0x00007fff70155000 	/usr/lib/system/libdispatch.dylib
0x00007fff70197000 	/usr/lib/system/libdyld.dylib
0x00007fff701cd000 	/usr/lib/system/libkeymgr.dylib
0x00007fff701db000 	/usr/lib/system/liblaunch.dylib
0x00007fff701dc000 	/usr/lib/system/libmacho.dylib
0x00007fff701e2000 	/usr/lib/system/libquarantine.dylib
0x00007fff701e5000 	/usr/lib/system/libremovefile.dylib
0x00007fff701e7000 	/usr/lib/system/libsystem_asl.dylib
0x00007fff701ff000 	/usr/lib/system/libsystem_blocks.dylib
0x00007fff70200000 	/usr/lib/system/libsystem_c.dylib
0x00007fff70288000 	/usr/lib/system/libsystem_configuration.dylib
0x00007fff7028c000 	/usr/lib/system/libsystem_coreservices.dylib
0x00007fff70290000 	/usr/lib/system/libsystem_darwin.dylib
0x00007fff70298000 	/usr/lib/system/libsystem_dnssd.dylib
0x00007fff702a0000 	/usr/lib/system/libsystem_featureflags.dylib
0x00007fff702a2000 	/usr/lib/system/libsystem_info.dylib
0x00007fff7031d000 	/usr/lib/system/libsystem_m.dylib
0x00007fff70365000 	/usr/lib/system/libsystem_malloc.dylib
0x00007fff7038d000 	/usr/lib/system/libsystem_networkextension.dylib
0x00007fff7039b000 	/usr/lib/system/libsystem_notify.dylib
0x00007fff703ba000 	/usr/lib/system/libsystem_sandbox.dylib
0x00007fff703bf000 	/usr/lib/system/libsystem_secinit.dylib
0x00007fff702f0000 	/usr/lib/system/libsystem_kernel.dylib
0x00007fff703a5000 	/usr/lib/system/libsystem_platform.dylib
0x00007fff703af000 	/usr/lib/system/libsystem_pthread.dylib
0x00007fff703c2000 	/usr/lib/system/libsystem_symptoms.dylib
0x00007fff703ca000 	/usr/lib/system/libsystem_trace.dylib
0x00007fff703e2000 	/usr/lib/system/libunwind.dylib
0x00007fff703e8000 	/usr/lib/system/libxpc.dylib
0x00007fff6ee33000 	/usr/lib/libobjc.A.dylib
0x00007fff6d325000 	/usr/lib/libc++abi.dylib
0x00007fff6d2d1000 	/usr/lib/libc++.1.dylib
0x00007fff38c94000 	/System/Library/Frameworks/CoreFoundation.framework/Versions/A/CoreFoundation
0x00007fff3b357000 	/System/Library/Frameworks/Foundation.framework/Versions/C/Foundation
0x00007fff35ec3000 	/System/Library/Frameworks/AppKit.framework/Versions/C/AppKit
0x00007fff387a8000 	/System/Library/Frameworks/CoreData.framework/Versions/A/CoreData
0x00007fff6989e000 	/System/Library/PrivateFrameworks/UIFoundation.framework/Versions/A/UIFoundation
0x00007fff640cf000 	/System/Library/PrivateFrameworks/RemoteViewServices.framework/Versions/A/RemoteViewServices
0x00007fff6c321000 	/System/Library/PrivateFrameworks/XCTTargetBootstrap.framework/Versions/A/XCTTargetBootstrap
0x00007fff38b87000 	/System/Library/Frameworks/CoreDisplay.framework/Versions/A/CoreDisplay
0x00007fff3e0ca000 	/System/Library/Frameworks/Metal.framework/Versions/A/Metal
0x00007fff525db000 	/System/Library/PrivateFrameworks/DesktopServicesPriv.framework/Versions/A/DesktopServicesPriv
0x00007fff6e11e000 	/usr/lib/liblangid.dylib
0x00007fff51732000 	/System/Library/PrivateFrameworks/CoreSVG.framework/Versions/A/CoreSVG
0x00007fff66e4f000 	/System/Library/PrivateFrameworks/SkyLight.framework/Versions/A/SkyLight
0x00007fff39115000 	/System/Library/Frameworks/CoreGraphics.framework/Versions/A/CoreGraphics
0x00007fff34a64000 	/System/Library/Frameworks/Accelerate.framework/Versions/A/Accelerate
0x00007fff6f3fc000 	/usr/lib/libxml2.2.dylib
0x00007fff5d2de000 	/System/Library/PrivateFrameworks/IconServices.framework/Versions/A/IconServices
0x00007fff3bb39000 	/System/Library/Frameworks/IOSurface.framework/Versions/A/IOSurface
0x00007fff6cb2b000 	/usr/lib/libDiagnosticMessagesClient.dylib
0x00007fff52454000 	/System/Library/PrivateFrameworks/DFRFoundation.framework/Versions/A/DFRFoundation
0x00007fff6deac000 	/usr/lib/libicucore.A.dylib
0x00007fff36ffd000 	/System/Library/Frameworks/AudioToolbox.framework/Versions/A/AudioToolbox
0x00007fff370df000 	/System/Library/Frameworks/AudioUnit.framework/Versions/A/AudioUnit
0x00007fff6d1f5000 	/usr/lib/libauto.dylib
0x00007fff524d5000 	/System/Library/PrivateFrameworks/DataDetectorsCore.framework/Versions/A/DataDetectorsCore
0x00007fff3784b000 	/System/Library/Frameworks/Carbon.framework/Versions/A/Frameworks/HIToolbox.framework/Versions/A/HIToolbox
0x00007fff44514000 	/System/Library/Frameworks/QuartzCore.framework/Versions/A/QuartzCore
0x00007fff37b8a000 	/System/Library/Frameworks/Carbon.framework/Versions/A/Frameworks/SpeechRecognition.framework/Versions/A/SpeechRecognition
0x00007fff51dd8000 	/System/Library/PrivateFrameworks/CoreUI.framework/Versions/A/CoreUI
0x00007fff3820e000 	/System/Library/Frameworks/CoreAudio.framework/Versions/A/CoreAudio
0x00007fff3b01f000 	/System/Library/Frameworks/DiskArbitration.framework/Versions/A/DiskArbitration
0x00007fff5f2e7000 	/System/Library/PrivateFrameworks/MultitouchSupport.framework/Versions/A/MultitouchSupport
0x00007fff6dd72000 	/usr/lib/libenergytrace.dylib
0x00007fff3ba94000 	/System/Library/Frameworks/IOKit.framework/Versions/A/IOKit
0x00007fff3a081000 	/System/Library/Frameworks/CoreServices.framework/Versions/A/CoreServices
0x00007fff6135d000 	/System/Library/PrivateFrameworks/PerformanceAnalysis.framework/Versions/A/PerformanceAnalysis
0x00007fff4354b000 	/System/Library/Frameworks/OpenGL.framework/Versions/A/OpenGL
0x00007fff37d39000 	/System/Library/Frameworks/ColorSync.framework/Versions/A/ColorSync
0x00007fff3979b000 	/System/Library/Frameworks/CoreImage.framework/Versions/A/CoreImage
0x00007fff3aaf6000 	/System/Library/Frameworks/CoreText.framework/Versions/A/CoreText
0x00007fff3bbc0000 	/System/Library/Frameworks/ImageIO.framework/Versions/A/ImageIO
0x00007fff6d34d000 	/usr/lib/libcompression.dylib
0x00007fff6ce6d000 	/usr/lib/libMobileGestalt.dylib
0x00007fff68980000 	/System/Library/PrivateFrameworks/TextureIO.framework/Versions/A/TextureIO
0x00007fff6d15b000 	/usr/lib/libate.dylib
0x00007fff5d4e6000 	/System/Library/PrivateFrameworks/InternationalSupport.framework/Versions/A/InternationalSupport
0x00007fff6e120000 	/usr/lib/liblzma.5.dylib
0x00007fff6dd9a000 	/usr/lib/libfakelink.dylib
0x00007fff6d0e8000 	/usr/lib/libarchive.2.dylib
0x00007fff46499000 	/System/Library/Frameworks/SystemConfiguration.framework/Versions/A/SystemConfiguration
0x00007fff6ca5c000 	/usr/lib/libCRFSuite.dylib
0x00007fff37455000 	/System/Library/Frameworks/CFNetwork.framework/Versions/A/CFNetwork
0x00007fff6d2b3000 	/usr/lib/libbsm.0.dylib
0x00007fff701ce000 	/usr/lib/system/libkxld.dylib
0x00007fff4bf71000 	/System/Library/PrivateFrameworks/AppleFSCompression.framework/Versions/A/AppleFSCompression
0x00007fff6d631000 	/usr/lib/libcoretls.dylib
0x00007fff6d648000 	/usr/lib/libcoretls_cfhelpers.dylib
0x00007fff6ee77000 	/usr/lib/libpam.2.dylib
0x00007fff6efa7000 	/usr/lib/libsqlite3.dylib
0x00007fff6f3e9000 	/usr/lib/libxar.1.dylib
0x00007fff6d2c4000 	/usr/lib/libbz2.1.0.dylib
0x00007fff6ddbb000 	/usr/lib/libiconv.2.dylib
0x00007fff6d33a000 	/usr/lib/libcharset.1.dylib
0x00007fff6e922000 	/usr/lib/libnetwork.dylib
0x00007fff6ee7e000 	/usr/lib/libpcap.A.dylib
0x00007fff6d09d000 	/usr/lib/libapple_nghttp2.dylib
0x00007fff3a438000 	/System/Library/Frameworks/CoreServices.framework/Versions/A/Frameworks/FSEvents.framework/Versions/A/FSEvents
0x00007fff3a108000 	/System/Library/Frameworks/CoreServices.framework/Versions/A/Frameworks/CarbonCore.framework/Versions/A/CarbonCore
0x00007fff3a67b000 	/System/Library/Frameworks/CoreServices.framework/Versions/A/Frameworks/Metadata.framework/Versions/A/Metadata
0x00007fff3a714000 	/System/Library/Frameworks/CoreServices.framework/Versions/A/Frameworks/OSServices.framework/Versions/A/OSServices
0x00007fff3a742000 	/System/Library/Frameworks/CoreServices.framework/Versions/A/Frameworks/SearchKit.framework/Versions/A/SearchKit
0x00007fff3a082000 	/System/Library/Frameworks/CoreServices.framework/Versions/A/Frameworks/AE.framework/Versions/A/AE
0x00007fff3a441000 	/System/Library/Frameworks/CoreServices.framework/Versions/A/Frameworks/LaunchServices.framework/Versions/A/LaunchServices
0x00007fff3a3ea000 	/System/Library/Frameworks/CoreServices.framework/Versions/A/Frameworks/DictionaryServices.framework/Versions/A/DictionaryServices
0x00007fff3a7aa000 	/System/Library/Frameworks/CoreServices.framework/Versions/A/Frameworks/SharedFileList.framework/Versions/A/SharedFileList
0x00007fff3f39f000 	/System/Library/Frameworks/NetFS.framework/Versions/A/NetFS
0x00007fff5f78a000 	/System/Library/PrivateFrameworks/NetAuth.framework/Versions/A/NetAuth
0x00007fff6c6eb000 	/System/Library/PrivateFrameworks/login.framework/Versions/A/Frameworks/loginsupport.framework/Versions/A/loginsupport
0x00007fff6847e000 	/System/Library/PrivateFrameworks/TCC.framework/Versions/A/TCC
0x00007fff50b05000 	/System/Library/PrivateFrameworks/CoreNLP.framework/Versions/A/CoreNLP
0x00007fff5ed17000 	/System/Library/PrivateFrameworks/MetadataUtilities.framework/Versions/A/MetadataUtilities
0x00007fff6e1f8000 	/usr/lib/libmecabra.dylib
0x00007fff6e150000 	/usr/lib/libmecab.dylib
0x00007fff6ddab000 	/usr/lib/libgermantok.dylib
0x00007fff6d084000 	/usr/lib/libThaiTokenizer.dylib
0x00007fff6ca94000 	/usr/lib/libChineseTokenizer.dylib
0x00007fff34a7c000 	/System/Library/Frameworks/Accelerate.framework/Versions/A/Frameworks/vImage.framework/Versions/A/vImage
0x00007fff35d1e000 	/System/Library/Frameworks/Accelerate.framework/Versions/A/Frameworks/vecLib.framework/Versions/A/vecLib
0x00007fff35c62000 	/System/Library/Frameworks/Accelerate.framework/Versions/A/Frameworks/vecLib.framework/Versions/A/libvMisc.dylib
0x00007fff35a88000 	/System/Library/Frameworks/Accelerate.framework/Versions/A/Frameworks/vecLib.framework/Versions/A/libvDSP.dylib
0x00007fff350e8000 	/System/Library/Frameworks/Accelerate.framework/Versions/A/Frameworks/vecLib.framework/Versions/A/libBLAS.dylib
0x00007fff35642000 	/System/Library/Frameworks/Accelerate.framework/Versions/A/Frameworks/vecLib.framework/Versions/A/libLAPACK.dylib
0x00007fff359e8000 	/System/Library/Frameworks/Accelerate.framework/Versions/A/Frameworks/vecLib.framework/Versions/A/libLinearAlgebra.dylib
0x00007fff35a75000 	/System/Library/Frameworks/Accelerate.framework/Versions/A/Frameworks/vecLib.framework/Versions/A/libSparseBLAS.dylib
0x00007fff359fe000 	/System/Library/Frameworks/Accelerate.framework/Versions/A/Frameworks/vecLib.framework/Versions/A/libQuadrature.dylib
0x00007fff35351000 	/System/Library/Frameworks/Accelerate.framework/Versions/A/Frameworks/vecLib.framework/Versions/A/libBNNS.dylib
0x00007fff35a04000 	/System/Library/Frameworks/Accelerate.framework/Versions/A/Frameworks/vecLib.framework/Versions/A/libSparse.dylib
0x00007fff5d8a4000 	/System/Library/PrivateFrameworks/LanguageModeling.framework/Versions/A/LanguageModeling
0x00007fff504a4000 	/System/Library/PrivateFrameworks/CoreEmoji.framework/Versions/A/CoreEmoji
0x00007fff5d9c2000 	/System/Library/PrivateFrameworks/LinguisticData.framework/Versions/A/LinguisticData
0x00007fff5d973000 	/System/Library/PrivateFrameworks/Lexicon.framework/Versions/A/Lexicon
0x00007fff6d33b000 	/usr/lib/libcmph.dylib
0x00007fff41f71000 	/System/Library/Frameworks/OpenDirectory.framework/Versions/A/Frameworks/CFOpenDirectory.framework/Versions/A/CFOpenDirectory
0x00007fff41f8e000 	/System/Library/Frameworks/OpenDirectory.framework/Versions/A/OpenDirectory
0x00007fff4a25f000 	/System/Library/PrivateFrameworks/APFS.framework/Versions/A/APFS
0x00007fff45626000 	/System/Library/Frameworks/SecurityFoundation.framework/Versions/A/SecurityFoundation
0x00007fff6f3e5000 	/usr/lib/libutil.dylib
0x00007fff5178a000 	/System/Library/PrivateFrameworks/CoreServicesStore.framework/Versions/A/CoreServicesStore
0x00007fff45708000 	/System/Library/Frameworks/ServiceManagement.framework/Versions/A/ServiceManagement
0x00007fff4d723000 	/System/Library/PrivateFrameworks/BackgroundTaskManagement.framework/Versions/A/BackgroundTaskManagement
0x00007fff6f4e2000 	/usr/lib/libxslt.1.dylib
0x00007fff4c5d4000 	/System/Library/PrivateFrameworks/AppleSystemInfo.framework/Versions/A/AppleSystemInfo
0x00007fff3bddc000 	/System/Library/Frameworks/ImageIO.framework/Versions/A/Resources/libJPEG.dylib
0x00007fff3c09b000 	/System/Library/Frameworks/ImageIO.framework/Versions/A/Resources/libTIFF.dylib
0x00007fff3c07e000 	/System/Library/Frameworks/ImageIO.framework/Versions/A/Resources/libPng.dylib
0x00007fff3bd1d000 	/System/Library/Frameworks/ImageIO.framework/Versions/A/Resources/libGIF.dylib
0x00007fff3bd21000 	/System/Library/Frameworks/ImageIO.framework/Versions/A/Resources/libJP2.dylib
0x00007fff3c099000 	/System/Library/Frameworks/ImageIO.framework/Versions/A/Resources/libRadiance.dylib
0x00007fff6dd73000 	/usr/lib/libexpat.1.dylib
0x00007fff4c0cc000 	/System/Library/PrivateFrameworks/AppleJPEG.framework/Versions/A/AppleJPEG
0x00007fff549eb000 	/System/Library/PrivateFrameworks/FontServices.framework/libFontParser.dylib
0x00007fff6b749000 	/System/Library/PrivateFrameworks/WatchdogClient.framework/Versions/A/WatchdogClient
0x00007fff5cf33000 	/System/Library/PrivateFrameworks/IOAccelerator.framework/Versions/A/IOAccelerator
0x00007fff3e458000 	/System/Library/Frameworks/MetalPerformanceShaders.framework/Versions/A/MetalPerformanceShaders
0x00007fff59738000 	/System/Library/PrivateFrameworks/GPUWrangler.framework/Versions/A/GPUWrangler
0x00007fff5cf3e000 	/System/Library/PrivateFrameworks/IOPresentment.framework/Versions/A/IOPresentment
0x00007fff52467000 	/System/Library/PrivateFrameworks/DSExternalDisplay.framework/Versions/A/DSExternalDisplay
0x00007fff428f7000 	/System/Library/Frameworks/OpenGL.framework/Versions/A/Libraries/libCoreFSCache.dylib
0x00007fff3e1aa000 	/System/Library/Frameworks/MetalPerformanceShaders.framework/Frameworks/MPSCore.framework/Versions/A/MPSCore
0x00007fff3e1e7000 	/System/Library/Frameworks/MetalPerformanceShaders.framework/Frameworks/MPSImage.framework/Versions/A/MPSImage
0x00007fff3e2a9000 	/System/Library/Frameworks/MetalPerformanceShaders.framework/Frameworks/MPSNeuralNetwork.framework/Versions/A/MPSNeuralNetwork
0x00007fff3e26e000 	/System/Library/Frameworks/MetalPerformanceShaders.framework/Frameworks/MPSMatrix.framework/Versions/A/MPSMatrix
0x00007fff3e409000 	/System/Library/Frameworks/MetalPerformanceShaders.framework/Frameworks/MPSRayIntersector.framework/Versions/A/MPSRayIntersector
0x00007fff3e293000 	/System/Library/Frameworks/MetalPerformanceShaders.framework/Frameworks/MPSNDArray.framework/Versions/A/MPSNDArray
0x00007fff5ed64000 	/System/Library/PrivateFrameworks/MetalTools.framework/Versions/A/MetalTools
0x00007fff4b3ff000 	/System/Library/PrivateFrameworks/AggregateDictionary.framework/Versions/A/AggregateDictionary
0x00007fff4ff37000 	/System/Library/PrivateFrameworks/CoreAnalytics.framework/Versions/A/CoreAnalytics
0x00007fff4c4f2000 	/System/Library/PrivateFrameworks/AppleSauce.framework/Versions/A/AppleSauce
0x00007fff6cd50000 	/usr/lib/libIOReport.dylib
0x00007fff3acab000 	/System/Library/Frameworks/CoreVideo.framework/Versions/A/CoreVideo
0x00007fff5ab9d000 	/System/Library/PrivateFrameworks/GraphVisualizer.framework/Versions/A/GraphVisualizer
0x00007fff53f6a000 	/System/Library/PrivateFrameworks/FaceCore.framework/Versions/A/FaceCore
0x00007fff41f18000 	/System/Library/Frameworks/OpenCL.framework/Versions/A/OpenCL
0x00007fff6cb72000 	/usr/lib/libFosl_dynamic.dylib
0x00007fff60182000 	/System/Library/PrivateFrameworks/OTSVG.framework/Versions/A/OTSVG
0x00007fff36dd0000 	/System/Library/Frameworks/ApplicationServices.framework/Versions/A/Frameworks/ATS.framework/Versions/A/Resources/libFontRegistry.dylib
0x00007fff54bbc000 	/System/Library/PrivateFrameworks/FontServices.framework/libhvf.dylib
0x00007fff42902000 	/System/Library/Frameworks/OpenGL.framework/Versions/A/Libraries/libGFXShared.dylib
0x00007fff42adf000 	/System/Library/Frameworks/OpenGL.framework/Versions/A/Libraries/libGLU.dylib
0x00007fff4290b000 	/System/Library/Frameworks/OpenGL.framework/Versions/A/Libraries/libGL.dylib
0x00007fff42916000 	/System/Library/Frameworks/OpenGL.framework/Versions/A/Libraries/libGLImage.dylib
0x00007fff428f4000 	/System/Library/Frameworks/OpenGL.framework/Versions/A/Libraries/libCVMSPluginSupport.dylib
0x00007fff428fd000 	/System/Library/Frameworks/OpenGL.framework/Versions/A/Libraries/libCoreVMClient.dylib
0x00007fff6e7c4000 	/usr/lib/libncurses.5.4.dylib
0x00007fff36ccc000 	/System/Library/Frameworks/ApplicationServices.framework/Versions/A/Frameworks/ATS.framework/Versions/A/ATS
0x00007fff36e99000 	/System/Library/Frameworks/ApplicationServices.framework/Versions/A/Frameworks/ColorSyncLegacy.framework/Versions/A/ColorSyncLegacy
0x00007fff36f38000 	/System/Library/Frameworks/ApplicationServices.framework/Versions/A/Frameworks/HIServices.framework/Versions/A/HIServices
0x00007fff36f8f000 	/System/Library/Frameworks/ApplicationServices.framework/Versions/A/Frameworks/LangAnalysis.framework/Versions/A/LangAnalysis
0x00007fff36f9e000 	/System/Library/Frameworks/ApplicationServices.framework/Versions/A/Frameworks/PrintCore.framework/Versions/A/PrintCore
0x00007fff36fe4000 	/System/Library/Frameworks/ApplicationServices.framework/Versions/A/Frameworks/QD.framework/Versions/A/QD
0x00007fff36fef000 	/System/Library/Frameworks/ApplicationServices.framework/Versions/A/Frameworks/SpeechSynthesis.framework/Versions/A/SpeechSynthesis
0x00007fff36e69000 	/System/Library/Frameworks/ApplicationServices.framework/Versions/A/Frameworks/ATSUI.framework/Versions/A/ATSUI
0x00007fff6dc07000 	/usr/lib/libcups.2.dylib
0x00007fff3d509000 	/System/Library/Frameworks/Kerberos.framework/Versions/A/Kerberos
0x00007fff3b78b000 	/System/Library/Frameworks/GSS.framework/Versions/A/GSS
0x00007fff6ef33000 	/usr/lib/libresolv.9.dylib
0x00007fff5ad3e000 	/System/Library/PrivateFrameworks/Heimdal.framework/Versions/A/Heimdal
0x00007fff3d51c000 	/System/Library/Frameworks/Kerberos.framework/Versions/A/Libraries/libHeimdalProxy.dylib
0x00007fff6ddb1000 	/usr/lib/libheimdal-asn1.dylib
0x00007fff4f3db000 	/System/Library/PrivateFrameworks/CommonAuth.framework/Versions/A/CommonAuth
0x00007fff4c671000 	/System/Library/PrivateFrameworks/AssertionServices.framework/Versions/A/AssertionServices
0x00007fff4d211000 	/System/Library/PrivateFrameworks/AudioToolboxCore.framework/Versions/A/AudioToolboxCore
0x00007fff6c39d000 	/System/Library/PrivateFrameworks/caulk.framework/Versions/A/caulk
0x00007fff4d7cf000 	/System/Library/PrivateFrameworks/BaseBoard.framework/Versions/A/BaseBoard
0x00007fff6425d000 	/System/Library/PrivateFrameworks/RunningBoardServices.framework/Versions/A/RunningBoardServices
0x00007fff61369000 	/System/Library/PrivateFrameworks/PersistentConnection.framework/Versions/A/PersistentConnection
0x00007fff63cb1000 	/System/Library/PrivateFrameworks/ProtocolBuffer.framework/Versions/A/ProtocolBuffer
0x00007fff4f400000 	/System/Library/PrivateFrameworks/CommonUtilities.framework/Versions/A/CommonUtilities
0x00007fff4d952000 	/System/Library/PrivateFrameworks/Bom.framework/Versions/A/Bom
0x00007fff6ca20000 	/usr/lib/libAudioToolboxUtility.dylib
0x00007fff4d72d000 	/System/Library/PrivateFrameworks/Backup.framework/Versions/A/Backup
0x00007fff521d5000 	/System/Library/PrivateFrameworks/CrashReporterSupport.framework/Versions/A/CrashReporterSupport
0x00007fff65cf7000 	/System/Library/PrivateFrameworks/Sharing.framework/Versions/A/Sharing
0x00007fff4be17000 	/System/Library/PrivateFrameworks/Apple80211.framework/Versions/A/Apple80211
0x00007fff4d44f000 	/System/Library/PrivateFrameworks/AuthKit.framework/Versions/A/AuthKit
0x00007fff51f05000 	/System/Library/PrivateFrameworks/CoreUtils.framework/Versions/A/CoreUtils
0x00007fff3acf0000 	/System/Library/Frameworks/CoreWLAN.framework/Versions/A/CoreWLAN
0x00007fff3b915000 	/System/Library/Frameworks/IOBluetooth.framework/Versions/A/IOBluetooth
0x00007fff5f062000 	/System/Library/PrivateFrameworks/MobileKeyBag.framework/Versions/A/MobileKeyBag
0x00007fff50fde000 	/System/Library/PrivateFrameworks/CorePhoneNumbers.framework/Versions/A/CorePhoneNumbers
0x00007fff4c07f000 	/System/Library/PrivateFrameworks/AppleIDAuthSupport.framework/Versions/A/AppleIDAuthSupport
0x00007fff3f3ac000 	/System/Library/Frameworks/Network.framework/Versions/A/Network
0x00007fff5d72d000 	/System/Library/PrivateFrameworks/KeychainCircle.framework/Versions/A/KeychainCircle
0x00007fff38770000 	/System/Library/Frameworks/CoreBluetooth.framework/Versions/A/CoreBluetooth
0x00007fff6798f000 	/System/Library/PrivateFrameworks/SpeechRecognitionCore.framework/Versions/A/SpeechRecognitionCore
0x000000010e400000 	/Library/Java/JavaVirtualMachines/jdk-13.0.2.jdk/Contents/Home/lib/server/libjvm.dylib
0x000000010dbc5000 	/Library/Java/JavaVirtualMachines/jdk-13.0.2.jdk/Contents/Home/lib/libverify.dylib
0x000000010dbd1000 	/Library/Java/JavaVirtualMachines/jdk-13.0.2.jdk/Contents/Home/lib/libjava.dylib
0x000000010f1e4000 	/Library/Java/JavaVirtualMachines/jdk-13.0.2.jdk/Contents/Home/lib/libjdwp.dylib
0x000000010f21a000 	/Library/Java/JavaVirtualMachines/jdk-13.0.2.jdk/Contents/Home/lib/libinstrument.dylib
0x000000010f29d000 	/Library/Java/JavaVirtualMachines/jdk-13.0.2.jdk/Contents/Home/lib/libzip.dylib
0x000000010f2a4000 	/Library/Java/JavaVirtualMachines/jdk-13.0.2.jdk/Contents/Home/lib/libjimage.dylib
0x00000001303b6000 	/Library/Java/JavaVirtualMachines/jdk-13.0.2.jdk/Contents/Home/lib/libdt_socket.dylib
0x000000013043c000 	/Library/Java/JavaVirtualMachines/jdk-13.0.2.jdk/Contents/Home/lib/libnio.dylib
0x000000013044a000 	/Library/Java/JavaVirtualMachines/jdk-13.0.2.jdk/Contents/Home/lib/libnet.dylib


VM Arguments:
jvm_args: -agentlib:jdwp=transport=dt_socket,suspend=y,address=localhost:50171 -javaagent:/Applications/Eclipse.app/Contents/Eclipse/configuration/org.eclipse.osgi/221/0/.cp/lib/javaagent-shaded.jar -Dfile.encoding=UTF-8 
java_command: findManhattanDist
java_class_path (initial): /Users/natasha.ahammed/eclipse-workspace/R3_ManhattanDist/bin
Launcher Type: SUN_STANDARD

[Global flags]
     intx CICompilerCount                          = 3                                         {product} {ergonomic}
     uint ConcGCThreads                            = 1                                         {product} {ergonomic}
     uint G1ConcRefinementThreads                  = 4                                         {product} {ergonomic}
   size_t G1HeapRegionSize                         = 1048576                                   {product} {ergonomic}
    uintx GCDrainStackTargetSize                   = 64                                        {product} {ergonomic}
   size_t InitialHeapSize                          = 134217728                                 {product} {ergonomic}
   size_t MarkStackSize                            = 4194304                                   {product} {ergonomic}
   size_t MaxHeapSize                              = 2147483648                                {product} {ergonomic}
   size_t MaxNewSize                               = 1287651328                                {product} {ergonomic}
   size_t MinHeapDeltaBytes                        = 1048576                                   {product} {ergonomic}
   size_t MinHeapSize                              = 8388608                                   {product} {ergonomic}
    uintx NonNMethodCodeHeapSize                   = 5832780                                {pd product} {ergonomic}
    uintx NonProfiledCodeHeapSize                  = 122912730                              {pd product} {ergonomic}
    uintx ProfiledCodeHeapSize                     = 122912730                              {pd product} {ergonomic}
    uintx ReservedCodeCacheSize                    = 251658240                              {pd product} {ergonomic}
     bool SegmentedCodeCache                       = true                                      {product} {ergonomic}
   size_t SoftMaxHeapSize                          = 2147483648                             {manageable} {ergonomic}
     bool UseCompressedClassPointers               = true                                 {lp64_product} {ergonomic}
     bool UseCompressedOops                        = true                                 {lp64_product} {ergonomic}
     bool UseG1GC                                  = true                                      {product} {ergonomic}

Logging:
Log output configuration:
 #0: stdout all=warning uptime,level,tags
 #1: stderr all=off uptime,level,tags

Environment Variables:
PATH=/usr/bin:/bin:/usr/sbin:/sbin
SHELL=/bin/bash

Signal Handlers:
SIGSEGV: [libjvm.dylib+0x77ba40], sa_mask[0]=11111111011111110111111111111111, sa_flags=SA_ONSTACK|SA_RESTART|SA_SIGINFO
SIGBUS: [libjvm.dylib+0x77ba40], sa_mask[0]=11111111011111110111111111111111, sa_flags=SA_RESTART|SA_SIGINFO
SIGFPE: [libjvm.dylib+0x77ba40], sa_mask[0]=11111111011111110111111111111111, sa_flags=SA_RESTART|SA_SIGINFO
SIGPIPE: [libjvm.dylib+0x6221fd], sa_mask[0]=11111111011111110111111111111111, sa_flags=SA_RESTART|SA_SIGINFO
SIGXFSZ: [libjvm.dylib+0x6221fd], sa_mask[0]=11111111011111110111111111111111, sa_flags=SA_RESTART|SA_SIGINFO
SIGILL: [libjvm.dylib+0x77ba40], sa_mask[0]=11111111011111110111111111111111, sa_flags=SA_RESTART|SA_SIGINFO
SIGUSR2: [libjvm.dylib+0x6227e7], sa_mask[0]=00100000000000000000000000000000, sa_flags=SA_RESTART|SA_SIGINFO
SIGHUP: [libjvm.dylib+0x6217d5], sa_mask[0]=11111111011111110111111111111111, sa_flags=SA_RESTART|SA_SIGINFO
SIGINT: [libjvm.dylib+0x6217d5], sa_mask[0]=11111111011111110111111111111111, sa_flags=SA_RESTART|SA_SIGINFO
SIGTERM: [libjvm.dylib+0x6217d5], sa_mask[0]=11111111011111110111111111111111, sa_flags=SA_RESTART|SA_SIGINFO
SIGQUIT: [libjvm.dylib+0x6217d5], sa_mask[0]=11111111011111110111111111111111, sa_flags=SA_RESTART|SA_SIGINFO


---------------  S Y S T E M  ---------------

OS:uname:Darwin 19.0.0 Darwin Kernel Version 19.0.0: Thu Oct 17 16:17:15 PDT 2019; root:xnu-6153.41.3~29/RELEASE_X86_64 x86_64
rlimit: STACK 8192k, CORE 0k, NPROC 1392, NOFILE 10240, AS infinity, DATA infinity, FSIZE infinity
load average:5.01 4.41 3.70

CPU:total 4 (initial active 4) (2 cores per cpu, 2 threads per core) family 6 model 142 stepping 9, cmov, cx8, fxsr, mmx, sse, sse2, sse3, ssse3, sse4.1, sse4.2, popcnt, avx, avx2, aes, clmul, erms, rtm, 3dnowpref, lzcnt, ht, tsc, tscinvbit, bmi1, bmi2, adx, fma

Memory: 4k page, physical 8388608k(476276k free), swap 0k(0k free)

vm_info: Java HotSpot(TM) 64-Bit Server VM (13.0.2+8) for bsd-amd64 JRE (13.0.2+8), built on Dec 11 2019 09:27:08 by "mach5one" with clang 4.2.1 Compatible Apple LLVM 10.0.0 (clang-1000.11.45.5)

END.
